<!DOCTYPE html PUBLIC "-//W3C//DTD XHTML 1.1//EN" "http://www.w3.org/TR/xhtml11/DTD/xhtml11.dtd">
<html xmlns="http://www.w3.org/1999/xhtml"><head><title>TestNG Report</title><style type="text/css">table {margin-bottom:10px;border-collapse:collapse;empty-cells:show}th,td {border:1px solid #009;padding:.25em .5em}th {vertical-align:bottom}td {vertical-align:top}table a {font-weight:bold}.stripe td {background-color: #E6EBF9}.num {text-align:right}.passedodd td {background-color: #3F3}.passedeven td {background-color: #0A0}.skippedodd td {background-color: #DDD}.skippedeven td {background-color: #CCC}.failedodd td,.attn {background-color: #F33}.failedeven td,.stripe .attn {background-color: #D00}.stacktrace {white-space:pre;font-family:monospace}.totop {font-size:85%;text-align:center;border-bottom:2px solid #000}</style></head><body><table><tr><th>Test</th><th># Passed</th><th># Skipped</th><th># Failed</th><th>Time (ms)</th><th>Included Groups</th><th>Excluded Groups</th></tr><tr><th colspan="7">Canvas Schedule Assesment</th></tr><tr><td><a href="#t0">Test2</a></td><td class="num">0</td><td class="num">0</td><td class="num attn">1</td><td class="num">104,047</td><td></td><td></td></tr><tr class="stripe"><td><a href="#t1">Test3</a></td><td class="num">1</td><td class="num">0</td><td class="num">0</td><td class="num">11,022</td><td></td><td></td></tr><tr><td><a href="#t2">Test9</a></td><td class="num">0</td><td class="num">0</td><td class="num attn">1</td><td class="num">99,253</td><td></td><td></td></tr><tr class="stripe"><td><a href="#t3">Test4</a></td><td class="num">1</td><td class="num">0</td><td class="num">0</td><td class="num">10,891</td><td></td><td></td></tr><tr><td><a href="#t4">Test5</a></td><td class="num">0</td><td class="num">0</td><td class="num attn">1</td><td class="num">99,464</td><td></td><td></td></tr><tr class="stripe"><td><a href="#t5">Test6</a></td><td class="num">1</td><td class="num">0</td><td class="num">0</td><td class="num">11,300</td><td></td><td></td></tr><tr><td><a href="#t6">Test7</a></td><td class="num">0</td><td class="num">0</td><td class="num attn">1</td><td class="num">99,397</td><td></td><td></td></tr><tr class="stripe"><td><a href="#t7">Test8</a></td><td class="num">1</td><td class="num">0</td><td class="num">0</td><td class="num">11,729</td><td></td><td></td></tr><tr><th colspan="7">Canvas 2</th></tr><tr><td><a href="#t8">Test2</a></td><td class="num">0</td><td class="num">0</td><td class="num attn">1</td><td class="num">104,645</td><td></td><td></td></tr><tr class="stripe"><td><a href="#t9">Test3</a></td><td class="num">1</td><td class="num">0</td><td class="num">0</td><td class="num">11,741</td><td></td><td></td></tr><tr><td><a href="#t10">Test4</a></td><td class="num">0</td><td class="num">0</td><td class="num attn">1</td><td class="num">99,517</td><td></td><td></td></tr><tr class="stripe"><td><a href="#t11">Test5</a></td><td class="num">1</td><td class="num">0</td><td class="num">0</td><td class="num">11,329</td><td></td><td></td></tr><tr><td><a href="#t12">Test6</a></td><td class="num">0</td><td class="num">0</td><td class="num attn">1</td><td class="num">99,340</td><td></td><td></td></tr><tr class="stripe"><td><a href="#t13">Test7</a></td><td class="num">1</td><td class="num">0</td><td class="num">0</td><td class="num">12,040</td><td></td><td></td></tr><tr><td><a href="#t14">Test9</a></td><td class="num">0</td><td class="num">0</td><td class="num attn">1</td><td class="num">99,209</td><td></td><td></td></tr><tr class="stripe"><td><a href="#t15">Test8</a></td><td class="num">1</td><td class="num">0</td><td class="num">0</td><td class="num">11,897</td><td></td><td></td></tr><tr><th colspan="7">testng</th></tr><tr><th>Total</th><th class="num">8</th><th class="num">0</th><th class="num attn">8</th><th class="num">896,821</th><th colspan="2"></th></tr></table><table><thead><tr><th>Class</th><th>Method</th><th>Start</th><th>Time (ms)</th></tr></thead><tbody><tr><th colspan="4">Canvas Schedule Assesment</th></tr></tbody><tbody id="t0"><tr><th colspan="4">Test2 &#8212; failed</th></tr><tr class="failedeven"><td rowspan="1">com.mop.qa.test.bvt.Test_Schedule_Assesment</td><td><a href="#m0">testNBC</a></td><td rowspan="1">1450875799909</td><td rowspan="1">104047</td></tr></tbody><tbody id="t1"><tr><th colspan="4">Test3 &#8212; passed</th></tr><tr class="passedeven"><td rowspan="1">com.mop.qa.test.bvt.Test_TakeAssesment</td><td><a href="#m1">testNBC</a></td><td rowspan="1">1450875903987</td><td rowspan="1">11021</td></tr></tbody><tbody id="t2"><tr><th colspan="4">Test9 &#8212; failed</th></tr><tr class="failedeven"><td rowspan="1">com.mop.qa.test.bvt.Test_Schedule_Assesment</td><td><a href="#m2">testNBC</a></td><td rowspan="1">1450875915028</td><td rowspan="1">99250</td></tr></tbody><tbody id="t3"><tr><th colspan="4">Test4 &#8212; passed</th></tr><tr class="passedeven"><td rowspan="1">com.mop.qa.test.bvt.Test_TakeAssesment</td><td><a href="#m3">testNBC</a></td><td rowspan="1">1450876014279</td><td rowspan="1">10891</td></tr></tbody><tbody id="t4"><tr><th colspan="4">Test5 &#8212; failed</th></tr><tr class="failedeven"><td rowspan="1">com.mop.qa.test.bvt.Test_Schedule_Assesment</td><td><a href="#m4">testNBC</a></td><td rowspan="1">1450876025182</td><td rowspan="1">99461</td></tr></tbody><tbody id="t5"><tr><th colspan="4">Test6 &#8212; passed</th></tr><tr class="passedeven"><td rowspan="1">com.mop.qa.test.bvt.Test_TakeAssesment</td><td><a href="#m5">testNBC</a></td><td rowspan="1">1450876124655</td><td rowspan="1">11297</td></tr></tbody><tbody id="t6"><tr><th colspan="4">Test7 &#8212; failed</th></tr><tr class="failedeven"><td rowspan="1">com.mop.qa.test.bvt.Test_Schedule_Assesment</td><td><a href="#m6">testNBC</a></td><td rowspan="1">1450876135959</td><td rowspan="1">99396</td></tr></tbody><tbody id="t7"><tr><th colspan="4">Test8 &#8212; passed</th></tr><tr class="passedeven"><td rowspan="1">com.mop.qa.test.bvt.Test_TakeAssesment</td><td><a href="#m7">testNBC</a></td><td rowspan="1">1450876235355</td><td rowspan="1">11728</td></tr></tbody><tbody><tr><th colspan="4">Canvas 2</th></tr></tbody><tbody id="t8"><tr><th colspan="4">Test2 &#8212; failed</th></tr><tr class="failedeven"><td rowspan="1">com.mop.qa.test.bvt.Test_Schedule_Assesment</td><td><a href="#m8">testNBC</a></td><td rowspan="1">1450876252016</td><td rowspan="1">104629</td></tr></tbody><tbody id="t9"><tr><th colspan="4">Test3 &#8212; passed</th></tr><tr class="passedeven"><td rowspan="1">com.mop.qa.test.bvt.Test_TakeAssesment</td><td><a href="#m9">testNBC</a></td><td rowspan="1">1450876356660</td><td rowspan="1">11740</td></tr></tbody><tbody id="t10"><tr><th colspan="4">Test4 &#8212; failed</th></tr><tr class="failedeven"><td rowspan="1">com.mop.qa.test.bvt.Test_Schedule_Assesment</td><td><a href="#m10">testNBC</a></td><td rowspan="1">1450876368410</td><td rowspan="1">99516</td></tr></tbody><tbody id="t11"><tr><th colspan="4">Test5 &#8212; passed</th></tr><tr class="passedeven"><td rowspan="1">com.mop.qa.test.bvt.Test_TakeAssesment</td><td><a href="#m11">testNBC</a></td><td rowspan="1">1450876467942</td><td rowspan="1">11312</td></tr></tbody><tbody id="t12"><tr><th colspan="4">Test6 &#8212; failed</th></tr><tr class="failedeven"><td rowspan="1">com.mop.qa.test.bvt.Test_Schedule_Assesment</td><td><a href="#m12">testNBC</a></td><td rowspan="1">1450876479262</td><td rowspan="1">99337</td></tr></tbody><tbody id="t13"><tr><th colspan="4">Test7 &#8212; passed</th></tr><tr class="passedeven"><td rowspan="1">com.mop.qa.test.bvt.Test_TakeAssesment</td><td><a href="#m13">testNBC</a></td><td rowspan="1">1450876578626</td><td rowspan="1">12038</td></tr></tbody><tbody id="t14"><tr><th colspan="4">Test9 &#8212; failed</th></tr><tr class="failedeven"><td rowspan="1">com.mop.qa.test.bvt.Test_Schedule_Assesment</td><td><a href="#m14">testNBC</a></td><td rowspan="1">1450876590671</td><td rowspan="1">99208</td></tr></tbody><tbody id="t15"><tr><th colspan="4">Test8 &#8212; passed</th></tr><tr class="passedeven"><td rowspan="1">com.mop.qa.test.bvt.Test_TakeAssesment</td><td><a href="#m15">testNBC</a></td><td rowspan="1">1450876689895</td><td rowspan="1">11896</td></tr></tbody><tbody><tr><th colspan="4">testng</th></tr></tbody></table><h2>Test2</h2><h3 id="m0">com.mop.qa.test.bvt.Test_Schedule_Assesment#testNBC</h3><table class="result"><tr><th>Exception</th></tr><tr><td><div class="stacktrace">junit.framework.AssertionFailedError: Exception on clicking webelementClick Loginorg.openqa.selenium.TimeoutException: Timed out after 60 seconds waiting for visibility of Proxy element for: org.openqa.selenium.support.pagefactory.DefaultElementLocator@1978d10
Build info: version: &apos;2.47.0&apos;, revision: &apos;0e4837e94b1fad0db93e88cd972ed3e235a22892&apos;, time: &apos;2015-07-29 15:58:41&apos;
System info: host: &apos;PC143191&apos;, ip: &apos;10.242.193.102&apos;, os.name: &apos;Windows 7&apos;, os.arch: &apos;x86&apos;, os.version: &apos;6.1&apos;, java.version: &apos;1.8.0_51&apos;
Driver info: org.openqa.selenium.chrome.ChromeDriver
Capabilities [{applicationCacheEnabled=false, rotatable=false, mobileEmulationEnabled=false, chrome={userDataDir=C:\Users\489163.CTS\AppData\Local\Temp\scoped_dir13532_4797}, takesHeapSnapshot=true, databaseEnabled=false, handlesAlerts=true, version=46.0.2490.71, platform=XP, browserConnectionEnabled=false, nativeEvents=true, acceptSslCerts=true, locationContextEnabled=true, webStorageEnabled=true, browserName=chrome, takesScreenshot=true, javascriptEnabled=true, cssSelectorsEnabled=true}]
Session ID: 767a35f292108ba2724e2bc7dd46d9cb
	at com.mop.qa.Utilities.ReportGenerator.logException(ReportGenerator.java:233)
	at com.mop.qa.testbase.PageBase_Appium.click(PageBase_Appium.java:321)
	at com.mop.qa.pageobject.Schedule_Assesment.clickLogin(Schedule_Assesment.java:131)
	at com.mop.qa.pageobject.Schedule_Assesment.login(Schedule_Assesment.java:147)
	at com.mop.qa.test.bvt.Test_Schedule_Assesment.testNBC(Test_Schedule_Assesment.java:19)
... Removed 34 stack frames</div></td></tr></table><p class="totop"><a href="#summary">back to summary</a></p><h2>Test3</h2><h3 id="m1">com.mop.qa.test.bvt.Test_TakeAssesment#testNBC</h3><table class="result"></table><p class="totop"><a href="#summary">back to summary</a></p><h2>Test9</h2><h3 id="m2">com.mop.qa.test.bvt.Test_Schedule_Assesment#testNBC</h3><table class="result"><tr><th>Exception</th></tr><tr><td><div class="stacktrace">junit.framework.AssertionFailedError: Exception on clicking webelementClick Loginorg.openqa.selenium.TimeoutException: Timed out after 60 seconds waiting for visibility of Proxy element for: org.openqa.selenium.support.pagefactory.DefaultElementLocator@604b81
Build info: version: &apos;2.47.0&apos;, revision: &apos;0e4837e94b1fad0db93e88cd972ed3e235a22892&apos;, time: &apos;2015-07-29 15:58:41&apos;
System info: host: &apos;PC143191&apos;, ip: &apos;10.242.193.102&apos;, os.name: &apos;Windows 7&apos;, os.arch: &apos;x86&apos;, os.version: &apos;6.1&apos;, java.version: &apos;1.8.0_51&apos;
Driver info: org.openqa.selenium.chrome.ChromeDriver
Capabilities [{applicationCacheEnabled=false, rotatable=false, mobileEmulationEnabled=false, chrome={userDataDir=C:\Users\489163.CTS\AppData\Local\Temp\scoped_dir13532_4797}, takesHeapSnapshot=true, databaseEnabled=false, handlesAlerts=true, version=46.0.2490.71, platform=XP, browserConnectionEnabled=false, nativeEvents=true, acceptSslCerts=true, locationContextEnabled=true, webStorageEnabled=true, browserName=chrome, takesScreenshot=true, javascriptEnabled=true, cssSelectorsEnabled=true}]
Session ID: 767a35f292108ba2724e2bc7dd46d9cb
	at com.mop.qa.Utilities.ReportGenerator.logException(ReportGenerator.java:233)
	at com.mop.qa.testbase.PageBase_Appium.click(PageBase_Appium.java:321)
	at com.mop.qa.pageobject.Schedule_Assesment.clickLogin(Schedule_Assesment.java:131)
	at com.mop.qa.pageobject.Schedule_Assesment.login(Schedule_Assesment.java:147)
	at com.mop.qa.test.bvt.Test_Schedule_Assesment.testNBC(Test_Schedule_Assesment.java:19)
... Removed 34 stack frames</div></td></tr></table><p class="totop"><a href="#summary">back to summary</a></p><h2>Test4</h2><h3 id="m3">com.mop.qa.test.bvt.Test_TakeAssesment#testNBC</h3><table class="result"></table><p class="totop"><a href="#summary">back to summary</a></p><h2>Test5</h2><h3 id="m4">com.mop.qa.test.bvt.Test_Schedule_Assesment#testNBC</h3><table class="result"><tr><th>Exception</th></tr><tr><td><div class="stacktrace">junit.framework.AssertionFailedError: Exception on clicking webelementClick Loginorg.openqa.selenium.TimeoutException: Timed out after 60 seconds waiting for visibility of Proxy element for: org.openqa.selenium.support.pagefactory.DefaultElementLocator@139e7aa
Build info: version: &apos;2.47.0&apos;, revision: &apos;0e4837e94b1fad0db93e88cd972ed3e235a22892&apos;, time: &apos;2015-07-29 15:58:41&apos;
System info: host: &apos;PC143191&apos;, ip: &apos;10.242.193.102&apos;, os.name: &apos;Windows 7&apos;, os.arch: &apos;x86&apos;, os.version: &apos;6.1&apos;, java.version: &apos;1.8.0_51&apos;
Driver info: org.openqa.selenium.chrome.ChromeDriver
Capabilities [{applicationCacheEnabled=false, rotatable=false, mobileEmulationEnabled=false, chrome={userDataDir=C:\Users\489163.CTS\AppData\Local\Temp\scoped_dir13532_4797}, takesHeapSnapshot=true, databaseEnabled=false, handlesAlerts=true, version=46.0.2490.71, platform=XP, browserConnectionEnabled=false, nativeEvents=true, acceptSslCerts=true, locationContextEnabled=true, webStorageEnabled=true, browserName=chrome, takesScreenshot=true, javascriptEnabled=true, cssSelectorsEnabled=true}]
Session ID: 767a35f292108ba2724e2bc7dd46d9cb
	at com.mop.qa.Utilities.ReportGenerator.logException(ReportGenerator.java:233)
	at com.mop.qa.testbase.PageBase_Appium.click(PageBase_Appium.java:321)
	at com.mop.qa.pageobject.Schedule_Assesment.clickLogin(Schedule_Assesment.java:131)
	at com.mop.qa.pageobject.Schedule_Assesment.login(Schedule_Assesment.java:147)
	at com.mop.qa.test.bvt.Test_Schedule_Assesment.testNBC(Test_Schedule_Assesment.java:19)
... Removed 34 stack frames</div></td></tr></table><p class="totop"><a href="#summary">back to summary</a></p><h2>Test6</h2><h3 id="m5">com.mop.qa.test.bvt.Test_TakeAssesment#testNBC</h3><table class="result"></table><p class="totop"><a href="#summary">back to summary</a></p><h2>Test7</h2><h3 id="m6">com.mop.qa.test.bvt.Test_Schedule_Assesment#testNBC</h3><table class="result"><tr><th>Exception</th></tr><tr><td><div class="stacktrace">junit.framework.AssertionFailedError: Exception on clicking webelementClick Loginorg.openqa.selenium.TimeoutException: Timed out after 60 seconds waiting for visibility of Proxy element for: org.openqa.selenium.support.pagefactory.DefaultElementLocator@856961
Build info: version: &apos;2.47.0&apos;, revision: &apos;0e4837e94b1fad0db93e88cd972ed3e235a22892&apos;, time: &apos;2015-07-29 15:58:41&apos;
System info: host: &apos;PC143191&apos;, ip: &apos;10.242.193.102&apos;, os.name: &apos;Windows 7&apos;, os.arch: &apos;x86&apos;, os.version: &apos;6.1&apos;, java.version: &apos;1.8.0_51&apos;
Driver info: org.openqa.selenium.chrome.ChromeDriver
Capabilities [{applicationCacheEnabled=false, rotatable=false, mobileEmulationEnabled=false, chrome={userDataDir=C:\Users\489163.CTS\AppData\Local\Temp\scoped_dir13532_4797}, takesHeapSnapshot=true, databaseEnabled=false, handlesAlerts=true, version=46.0.2490.71, platform=XP, browserConnectionEnabled=false, nativeEvents=true, acceptSslCerts=true, locationContextEnabled=true, webStorageEnabled=true, browserName=chrome, takesScreenshot=true, javascriptEnabled=true, cssSelectorsEnabled=true}]
Session ID: 767a35f292108ba2724e2bc7dd46d9cb
	at com.mop.qa.Utilities.ReportGenerator.logException(ReportGenerator.java:233)
	at com.mop.qa.testbase.PageBase_Appium.click(PageBase_Appium.java:321)
	at com.mop.qa.pageobject.Schedule_Assesment.clickLogin(Schedule_Assesment.java:131)
	at com.mop.qa.pageobject.Schedule_Assesment.login(Schedule_Assesment.java:147)
	at com.mop.qa.test.bvt.Test_Schedule_Assesment.testNBC(Test_Schedule_Assesment.java:19)
... Removed 34 stack frames</div></td></tr></table><p class="totop"><a href="#summary">back to summary</a></p><h2>Test8</h2><h3 id="m7">com.mop.qa.test.bvt.Test_TakeAssesment#testNBC</h3><table class="result"></table><p class="totop"><a href="#summary">back to summary</a></p><h2>Test2</h2><h3 id="m8">com.mop.qa.test.bvt.Test_Schedule_Assesment#testNBC</h3><table class="result"><tr><th>Exception</th></tr><tr><td><div class="stacktrace">junit.framework.AssertionFailedError: Exception on clicking webelementClick Loginorg.openqa.selenium.TimeoutException: Timed out after 60 seconds waiting for visibility of Proxy element for: org.openqa.selenium.support.pagefactory.DefaultElementLocator@ee6f53
Build info: version: &apos;2.47.0&apos;, revision: &apos;0e4837e94b1fad0db93e88cd972ed3e235a22892&apos;, time: &apos;2015-07-29 15:58:41&apos;
System info: host: &apos;PC143191&apos;, ip: &apos;10.242.193.102&apos;, os.name: &apos;Windows 7&apos;, os.arch: &apos;x86&apos;, os.version: &apos;6.1&apos;, java.version: &apos;1.8.0_51&apos;
Driver info: org.openqa.selenium.chrome.ChromeDriver
Capabilities [{applicationCacheEnabled=false, rotatable=false, mobileEmulationEnabled=false, chrome={userDataDir=C:\Users\489163.CTS\AppData\Local\Temp\scoped_dir13456_19156}, takesHeapSnapshot=true, databaseEnabled=false, handlesAlerts=true, version=46.0.2490.71, platform=XP, browserConnectionEnabled=false, nativeEvents=true, acceptSslCerts=true, locationContextEnabled=true, webStorageEnabled=true, browserName=chrome, takesScreenshot=true, javascriptEnabled=true, cssSelectorsEnabled=true}]
Session ID: 9c4235c034bae7456314c2bd51f87e02
	at com.mop.qa.Utilities.ReportGenerator.logException(ReportGenerator.java:233)
	at com.mop.qa.testbase.PageBase_Appium.click(PageBase_Appium.java:321)
	at com.mop.qa.pageobject.Schedule_Assesment.clickLogin(Schedule_Assesment.java:131)
	at com.mop.qa.pageobject.Schedule_Assesment.login(Schedule_Assesment.java:147)
	at com.mop.qa.test.bvt.Test_Schedule_Assesment.testNBC(Test_Schedule_Assesment.java:19)
... Removed 34 stack frames</div></td></tr></table><p class="totop"><a href="#summary">back to summary</a></p><h2>Test3</h2><h3 id="m9">com.mop.qa.test.bvt.Test_TakeAssesment#testNBC</h3><table class="result"></table><p class="totop"><a href="#summary">back to summary</a></p><h2>Test4</h2><h3 id="m10">com.mop.qa.test.bvt.Test_Schedule_Assesment#testNBC</h3><table class="result"><tr><th>Exception</th></tr><tr><td><div class="stacktrace">junit.framework.AssertionFailedError: Exception on clicking webelementClick Loginorg.openqa.selenium.TimeoutException: Timed out after 60 seconds waiting for visibility of Proxy element for: org.openqa.selenium.support.pagefactory.DefaultElementLocator@117566b
Build info: version: &apos;2.47.0&apos;, revision: &apos;0e4837e94b1fad0db93e88cd972ed3e235a22892&apos;, time: &apos;2015-07-29 15:58:41&apos;
System info: host: &apos;PC143191&apos;, ip: &apos;10.242.193.102&apos;, os.name: &apos;Windows 7&apos;, os.arch: &apos;x86&apos;, os.version: &apos;6.1&apos;, java.version: &apos;1.8.0_51&apos;
Driver info: org.openqa.selenium.chrome.ChromeDriver
Capabilities [{applicationCacheEnabled=false, rotatable=false, mobileEmulationEnabled=false, chrome={userDataDir=C:\Users\489163.CTS\AppData\Local\Temp\scoped_dir13456_19156}, takesHeapSnapshot=true, databaseEnabled=false, handlesAlerts=true, version=46.0.2490.71, platform=XP, browserConnectionEnabled=false, nativeEvents=true, acceptSslCerts=true, locationContextEnabled=true, webStorageEnabled=true, browserName=chrome, takesScreenshot=true, javascriptEnabled=true, cssSelectorsEnabled=true}]
Session ID: 9c4235c034bae7456314c2bd51f87e02
	at com.mop.qa.Utilities.ReportGenerator.logException(ReportGenerator.java:233)
	at com.mop.qa.testbase.PageBase_Appium.click(PageBase_Appium.java:321)
	at com.mop.qa.pageobject.Schedule_Assesment.clickLogin(Schedule_Assesment.java:131)
	at com.mop.qa.pageobject.Schedule_Assesment.login(Schedule_Assesment.java:147)
	at com.mop.qa.test.bvt.Test_Schedule_Assesment.testNBC(Test_Schedule_Assesment.java:19)
... Removed 34 stack frames</div></td></tr></table><p class="totop"><a href="#summary">back to summary</a></p><h2>Test5</h2><h3 id="m11">com.mop.qa.test.bvt.Test_TakeAssesment#testNBC</h3><table class="result"></table><p class="totop"><a href="#summary">back to summary</a></p><h2>Test6</h2><h3 id="m12">com.mop.qa.test.bvt.Test_Schedule_Assesment#testNBC</h3><table class="result"><tr><th>Exception</th></tr><tr><td><div class="stacktrace">junit.framework.AssertionFailedError: Exception on clicking webelementClick Loginorg.openqa.selenium.TimeoutException: Timed out after 60 seconds waiting for visibility of Proxy element for: org.openqa.selenium.support.pagefactory.DefaultElementLocator@1454b9d
Build info: version: &apos;2.47.0&apos;, revision: &apos;0e4837e94b1fad0db93e88cd972ed3e235a22892&apos;, time: &apos;2015-07-29 15:58:41&apos;
System info: host: &apos;PC143191&apos;, ip: &apos;10.242.193.102&apos;, os.name: &apos;Windows 7&apos;, os.arch: &apos;x86&apos;, os.version: &apos;6.1&apos;, java.version: &apos;1.8.0_51&apos;
Driver info: org.openqa.selenium.chrome.ChromeDriver
Capabilities [{applicationCacheEnabled=false, rotatable=false, mobileEmulationEnabled=false, chrome={userDataDir=C:\Users\489163.CTS\AppData\Local\Temp\scoped_dir13456_19156}, takesHeapSnapshot=true, databaseEnabled=false, handlesAlerts=true, version=46.0.2490.71, platform=XP, browserConnectionEnabled=false, nativeEvents=true, acceptSslCerts=true, locationContextEnabled=true, webStorageEnabled=true, browserName=chrome, takesScreenshot=true, javascriptEnabled=true, cssSelectorsEnabled=true}]
Session ID: 9c4235c034bae7456314c2bd51f87e02
	at com.mop.qa.Utilities.ReportGenerator.logException(ReportGenerator.java:233)
	at com.mop.qa.testbase.PageBase_Appium.click(PageBase_Appium.java:321)
	at com.mop.qa.pageobject.Schedule_Assesment.clickLogin(Schedule_Assesment.java:131)
	at com.mop.qa.pageobject.Schedule_Assesment.login(Schedule_Assesment.java:147)
	at com.mop.qa.test.bvt.Test_Schedule_Assesment.testNBC(Test_Schedule_Assesment.java:19)
... Removed 34 stack frames</div></td></tr></table><p class="totop"><a href="#summary">back to summary</a></p><h2>Test7</h2><h3 id="m13">com.mop.qa.test.bvt.Test_TakeAssesment#testNBC</h3><table class="result"></table><p class="totop"><a href="#summary">back to summary</a></p><h2>Test9</h2><h3 id="m14">com.mop.qa.test.bvt.Test_Schedule_Assesment#testNBC</h3><table class="result"><tr><th>Exception</th></tr><tr><td><div class="stacktrace">junit.framework.AssertionFailedError: Exception on clicking webelementClick Loginorg.openqa.selenium.TimeoutException: Timed out after 60 seconds waiting for visibility of Proxy element for: org.openqa.selenium.support.pagefactory.DefaultElementLocator@1b14724
Build info: version: &apos;2.47.0&apos;, revision: &apos;0e4837e94b1fad0db93e88cd972ed3e235a22892&apos;, time: &apos;2015-07-29 15:58:41&apos;
System info: host: &apos;PC143191&apos;, ip: &apos;10.242.193.102&apos;, os.name: &apos;Windows 7&apos;, os.arch: &apos;x86&apos;, os.version: &apos;6.1&apos;, java.version: &apos;1.8.0_51&apos;
Driver info: org.openqa.selenium.chrome.ChromeDriver
Capabilities [{applicationCacheEnabled=false, rotatable=false, mobileEmulationEnabled=false, chrome={userDataDir=C:\Users\489163.CTS\AppData\Local\Temp\scoped_dir13456_19156}, takesHeapSnapshot=true, databaseEnabled=false, handlesAlerts=true, version=46.0.2490.71, platform=XP, browserConnectionEnabled=false, nativeEvents=true, acceptSslCerts=true, locationContextEnabled=true, webStorageEnabled=true, browserName=chrome, takesScreenshot=true, javascriptEnabled=true, cssSelectorsEnabled=true}]
Session ID: 9c4235c034bae7456314c2bd51f87e02
	at com.mop.qa.Utilities.ReportGenerator.logException(ReportGenerator.java:233)
	at com.mop.qa.testbase.PageBase_Appium.click(PageBase_Appium.java:321)
	at com.mop.qa.pageobject.Schedule_Assesment.clickLogin(Schedule_Assesment.java:131)
	at com.mop.qa.pageobject.Schedule_Assesment.login(Schedule_Assesment.java:147)
	at com.mop.qa.test.bvt.Test_Schedule_Assesment.testNBC(Test_Schedule_Assesment.java:19)
... Removed 34 stack frames</div></td></tr></table><p class="totop"><a href="#summary">back to summary</a></p><h2>Test8</h2><h3 id="m15">com.mop.qa.test.bvt.Test_TakeAssesment#testNBC</h3><table class="result"></table><p class="totop"><a href="#summary">back to summary</a></p></body></html>