<?xml version="1.0" encoding="UTF-8"?>
<testng-results skipped="0" failed="8" total="16" passed="8">
  <reporter-output>
  </reporter-output>
  <suite name="Canvas Schedule Assesment" duration-ms="447175" started-at="2015-12-23T13:03:19Z" finished-at="2015-12-23T13:10:47Z">
    <groups>
    </groups>
    <test name="Test2" duration-ms="104047" started-at="2015-12-23T13:03:19Z" finished-at="2015-12-23T13:05:03Z">
      <class name="com.mop.qa.test.bvt.Test_Schedule_Assesment">
        <test-method status="PASS" signature="startTestReport(org.testng.ITestContext)[pri:0, instance:com.mop.qa.test.bvt.Test_Schedule_Assesment@be83e4]" name="startTestReport" is-config="true" duration-ms="0" started-at="2015-12-23T18:33:19Z" finished-at="2015-12-23T18:33:19Z">
          <params>
            <param index="0">
              <value>
                <![CDATA[org.testng.TestRunner@25ced]]>
              </value>
            </param>
          </params>
          <reporter-output>
          </reporter-output>
        </test-method> <!-- startTestReport -->
        <test-method status="FAIL" signature="testNBC()[pri:0, instance:com.mop.qa.test.bvt.Test_Schedule_Assesment@be83e4]" name="testNBC" duration-ms="104047" started-at="2015-12-23T18:33:19Z" finished-at="2015-12-23T18:35:03Z">
          <exception class="junit.framework.AssertionFailedError">
            <message>
              <![CDATA[Exception on clicking webelementClick Loginorg.openqa.selenium.TimeoutException: Timed out after 60 seconds waiting for visibility of Proxy element for: org.openqa.selenium.support.pagefactory.DefaultElementLocator@1978d10
Build info: version: '2.47.0', revision: '0e4837e94b1fad0db93e88cd972ed3e235a22892', time: '2015-07-29 15:58:41'
System info: host: 'PC143191', ip: '10.242.193.102', os.name: 'Windows 7', os.arch: 'x86', os.version: '6.1', java.version: '1.8.0_51'
Driver info: org.openqa.selenium.chrome.ChromeDriver
Capabilities [{applicationCacheEnabled=false, rotatable=false, mobileEmulationEnabled=false, chrome={userDataDir=C:\Users\489163.CTS\AppData\Local\Temp\scoped_dir13532_4797}, takesHeapSnapshot=true, databaseEnabled=false, handlesAlerts=true, version=46.0.2490.71, platform=XP, browserConnectionEnabled=false, nativeEvents=true, acceptSslCerts=true, locationContextEnabled=true, webStorageEnabled=true, browserName=chrome, takesScreenshot=true, javascriptEnabled=true, cssSelectorsEnabled=true}]
Session ID: 767a35f292108ba2724e2bc7dd46d9cb]]>
            </message>
            <full-stacktrace>
              <![CDATA[junit.framework.AssertionFailedError: Exception on clicking webelementClick Loginorg.openqa.selenium.TimeoutException: Timed out after 60 seconds waiting for visibility of Proxy element for: org.openqa.selenium.support.pagefactory.DefaultElementLocator@1978d10
Build info: version: '2.47.0', revision: '0e4837e94b1fad0db93e88cd972ed3e235a22892', time: '2015-07-29 15:58:41'
System info: host: 'PC143191', ip: '10.242.193.102', os.name: 'Windows 7', os.arch: 'x86', os.version: '6.1', java.version: '1.8.0_51'
Driver info: org.openqa.selenium.chrome.ChromeDriver
Capabilities [{applicationCacheEnabled=false, rotatable=false, mobileEmulationEnabled=false, chrome={userDataDir=C:\Users\489163.CTS\AppData\Local\Temp\scoped_dir13532_4797}, takesHeapSnapshot=true, databaseEnabled=false, handlesAlerts=true, version=46.0.2490.71, platform=XP, browserConnectionEnabled=false, nativeEvents=true, acceptSslCerts=true, locationContextEnabled=true, webStorageEnabled=true, browserName=chrome, takesScreenshot=true, javascriptEnabled=true, cssSelectorsEnabled=true}]
Session ID: 767a35f292108ba2724e2bc7dd46d9cb
	at com.mop.qa.Utilities.ReportGenerator.logException(ReportGenerator.java:233)
	at com.mop.qa.testbase.PageBase_Appium.click(PageBase_Appium.java:321)
	at com.mop.qa.pageobject.Schedule_Assesment.clickLogin(Schedule_Assesment.java:131)
	at com.mop.qa.pageobject.Schedule_Assesment.login(Schedule_Assesment.java:147)
	at com.mop.qa.test.bvt.Test_Schedule_Assesment.testNBC(Test_Schedule_Assesment.java:19)
	at sun.reflect.NativeMethodAccessorImpl.invoke0(Native Method)
	at sun.reflect.NativeMethodAccessorImpl.invoke(NativeMethodAccessorImpl.java:62)
	at sun.reflect.DelegatingMethodAccessorImpl.invoke(DelegatingMethodAccessorImpl.java:43)
	at java.lang.reflect.Method.invoke(Method.java:497)
	at org.testng.internal.MethodInvocationHelper.invokeMethod(MethodInvocationHelper.java:84)
	at org.testng.internal.Invoker.invokeMethod(Invoker.java:714)
	at org.testng.internal.Invoker.invokeTestMethod(Invoker.java:901)
	at org.testng.internal.Invoker.invokeTestMethods(Invoker.java:1231)
	at org.testng.internal.TestMethodWorker.invokeTestMethods(TestMethodWorker.java:127)
	at org.testng.internal.TestMethodWorker.run(TestMethodWorker.java:111)
	at org.testng.TestRunner.privateRun(TestRunner.java:767)
	at org.testng.TestRunner.run(TestRunner.java:617)
	at org.testng.SuiteRunner.runTest(SuiteRunner.java:348)
	at org.testng.SuiteRunner.runSequentially(SuiteRunner.java:343)
	at org.testng.SuiteRunner.privateRun(SuiteRunner.java:305)
	at org.testng.SuiteRunner.run(SuiteRunner.java:254)
	at org.testng.SuiteRunnerWorker.runSuite(SuiteRunnerWorker.java:52)
	at org.testng.SuiteRunnerWorker.run(SuiteRunnerWorker.java:86)
	at org.testng.TestNG.runSuitesSequentially(TestNG.java:1224)
	at org.testng.TestNG.runSuitesSequentially(TestNG.java:1220)
	at org.testng.TestNG.runSuitesLocally(TestNG.java:1149)
	at org.testng.TestNG.run(TestNG.java:1057)
	at org.apache.maven.surefire.testng.TestNGExecutor.run(TestNGExecutor.java:177)
	at org.apache.maven.surefire.testng.TestNGXmlTestSuite.execute(TestNGXmlTestSuite.java:92)
	at org.apache.maven.surefire.testng.TestNGProvider.invoke(TestNGProvider.java:105)
	at sun.reflect.NativeMethodAccessorImpl.invoke0(Native Method)
	at sun.reflect.NativeMethodAccessorImpl.invoke(NativeMethodAccessorImpl.java:62)
	at sun.reflect.DelegatingMethodAccessorImpl.invoke(DelegatingMethodAccessorImpl.java:43)
	at java.lang.reflect.Method.invoke(Method.java:497)
	at org.apache.maven.surefire.util.ReflectionUtils.invokeMethodWithArray(ReflectionUtils.java:189)
	at org.apache.maven.surefire.booter.ProviderFactory$ProviderProxy.invoke(ProviderFactory.java:165)
	at org.apache.maven.surefire.booter.ProviderFactory.invokeProvider(ProviderFactory.java:85)
	at org.apache.maven.surefire.booter.ForkedBooter.runSuitesInProcess(ForkedBooter.java:103)
	at org.apache.maven.surefire.booter.ForkedBooter.main(ForkedBooter.java:74)
]]>
            </full-stacktrace>
          </exception> <!-- junit.framework.AssertionFailedError -->
          <reporter-output>
          </reporter-output>
        </test-method> <!-- testNBC -->
        <test-method status="PASS" signature="setUp()[pri:0, instance:com.mop.qa.test.bvt.Test_Schedule_Assesment@be83e4]" name="setUp" is-config="true" duration-ms="0" started-at="2015-12-23T18:33:19Z" finished-at="2015-12-23T18:33:19Z">
          <reporter-output>
          </reporter-output>
        </test-method> <!-- setUp -->
        <test-method status="PASS" signature="teardown()[pri:0, instance:com.mop.qa.test.bvt.Test_Schedule_Assesment@be83e4]" name="teardown" is-config="true" duration-ms="0" started-at="2015-12-23T18:35:03Z" finished-at="2015-12-23T18:35:03Z">
          <reporter-output>
          </reporter-output>
        </test-method> <!-- teardown -->
      </class> <!-- com.mop.qa.test.bvt.Test_Schedule_Assesment -->
    </test> <!-- Test2 -->
    <test name="Test3" duration-ms="11022" started-at="2015-12-23T13:05:03Z" finished-at="2015-12-23T13:05:15Z">
      <class name="com.mop.qa.test.bvt.Test_TakeAssesment">
        <test-method status="PASS" signature="setUp()[pri:0, instance:com.mop.qa.test.bvt.Test_TakeAssesment@41eaa2]" name="setUp" is-config="true" duration-ms="0" started-at="2015-12-23T18:35:03Z" finished-at="2015-12-23T18:35:03Z">
          <reporter-output>
          </reporter-output>
        </test-method> <!-- setUp -->
        <test-method status="PASS" signature="testNBC()[pri:0, instance:com.mop.qa.test.bvt.Test_TakeAssesment@41eaa2]" name="testNBC" duration-ms="11021" started-at="2015-12-23T18:35:03Z" finished-at="2015-12-23T18:35:15Z">
          <reporter-output>
          </reporter-output>
        </test-method> <!-- testNBC -->
        <test-method status="PASS" signature="startTestReport(org.testng.ITestContext)[pri:0, instance:com.mop.qa.test.bvt.Test_TakeAssesment@41eaa2]" name="startTestReport" is-config="true" duration-ms="0" started-at="2015-12-23T18:35:03Z" finished-at="2015-12-23T18:35:03Z">
          <params>
            <param index="0">
              <value>
                <![CDATA[org.testng.TestRunner@1cf7d52]]>
              </value>
            </param>
          </params>
          <reporter-output>
          </reporter-output>
        </test-method> <!-- startTestReport -->
        <test-method status="PASS" signature="teardown()[pri:0, instance:com.mop.qa.test.bvt.Test_TakeAssesment@41eaa2]" name="teardown" is-config="true" duration-ms="0" started-at="2015-12-23T18:35:15Z" finished-at="2015-12-23T18:35:15Z">
          <reporter-output>
          </reporter-output>
        </test-method> <!-- teardown -->
      </class> <!-- com.mop.qa.test.bvt.Test_TakeAssesment -->
    </test> <!-- Test3 -->
    <test name="Test9" duration-ms="99253" started-at="2015-12-23T13:05:15Z" finished-at="2015-12-23T13:06:54Z">
      <class name="com.mop.qa.test.bvt.Test_Schedule_Assesment">
        <test-method status="PASS" signature="startTestReport(org.testng.ITestContext)[pri:0, instance:com.mop.qa.test.bvt.Test_Schedule_Assesment@19d1a19]" name="startTestReport" is-config="true" duration-ms="2" started-at="2015-12-23T18:35:15Z" finished-at="2015-12-23T18:35:15Z">
          <params>
            <param index="0">
              <value>
                <![CDATA[org.testng.TestRunner@3e4aff]]>
              </value>
            </param>
          </params>
          <reporter-output>
          </reporter-output>
        </test-method> <!-- startTestReport -->
        <test-method status="PASS" signature="setUp()[pri:0, instance:com.mop.qa.test.bvt.Test_Schedule_Assesment@19d1a19]" name="setUp" is-config="true" duration-ms="0" started-at="2015-12-23T18:35:15Z" finished-at="2015-12-23T18:35:15Z">
          <reporter-output>
          </reporter-output>
        </test-method> <!-- setUp -->
        <test-method status="FAIL" signature="testNBC()[pri:0, instance:com.mop.qa.test.bvt.Test_Schedule_Assesment@19d1a19]" name="testNBC" duration-ms="99250" started-at="2015-12-23T18:35:15Z" finished-at="2015-12-23T18:36:54Z">
          <exception class="junit.framework.AssertionFailedError">
            <message>
              <![CDATA[Exception on clicking webelementClick Loginorg.openqa.selenium.TimeoutException: Timed out after 60 seconds waiting for visibility of Proxy element for: org.openqa.selenium.support.pagefactory.DefaultElementLocator@604b81
Build info: version: '2.47.0', revision: '0e4837e94b1fad0db93e88cd972ed3e235a22892', time: '2015-07-29 15:58:41'
System info: host: 'PC143191', ip: '10.242.193.102', os.name: 'Windows 7', os.arch: 'x86', os.version: '6.1', java.version: '1.8.0_51'
Driver info: org.openqa.selenium.chrome.ChromeDriver
Capabilities [{applicationCacheEnabled=false, rotatable=false, mobileEmulationEnabled=false, chrome={userDataDir=C:\Users\489163.CTS\AppData\Local\Temp\scoped_dir13532_4797}, takesHeapSnapshot=true, databaseEnabled=false, handlesAlerts=true, version=46.0.2490.71, platform=XP, browserConnectionEnabled=false, nativeEvents=true, acceptSslCerts=true, locationContextEnabled=true, webStorageEnabled=true, browserName=chrome, takesScreenshot=true, javascriptEnabled=true, cssSelectorsEnabled=true}]
Session ID: 767a35f292108ba2724e2bc7dd46d9cb]]>
            </message>
            <full-stacktrace>
              <![CDATA[junit.framework.AssertionFailedError: Exception on clicking webelementClick Loginorg.openqa.selenium.TimeoutException: Timed out after 60 seconds waiting for visibility of Proxy element for: org.openqa.selenium.support.pagefactory.DefaultElementLocator@604b81
Build info: version: '2.47.0', revision: '0e4837e94b1fad0db93e88cd972ed3e235a22892', time: '2015-07-29 15:58:41'
System info: host: 'PC143191', ip: '10.242.193.102', os.name: 'Windows 7', os.arch: 'x86', os.version: '6.1', java.version: '1.8.0_51'
Driver info: org.openqa.selenium.chrome.ChromeDriver
Capabilities [{applicationCacheEnabled=false, rotatable=false, mobileEmulationEnabled=false, chrome={userDataDir=C:\Users\489163.CTS\AppData\Local\Temp\scoped_dir13532_4797}, takesHeapSnapshot=true, databaseEnabled=false, handlesAlerts=true, version=46.0.2490.71, platform=XP, browserConnectionEnabled=false, nativeEvents=true, acceptSslCerts=true, locationContextEnabled=true, webStorageEnabled=true, browserName=chrome, takesScreenshot=true, javascriptEnabled=true, cssSelectorsEnabled=true}]
Session ID: 767a35f292108ba2724e2bc7dd46d9cb
	at com.mop.qa.Utilities.ReportGenerator.logException(ReportGenerator.java:233)
	at com.mop.qa.testbase.PageBase_Appium.click(PageBase_Appium.java:321)
	at com.mop.qa.pageobject.Schedule_Assesment.clickLogin(Schedule_Assesment.java:131)
	at com.mop.qa.pageobject.Schedule_Assesment.login(Schedule_Assesment.java:147)
	at com.mop.qa.test.bvt.Test_Schedule_Assesment.testNBC(Test_Schedule_Assesment.java:19)
	at sun.reflect.NativeMethodAccessorImpl.invoke0(Native Method)
	at sun.reflect.NativeMethodAccessorImpl.invoke(NativeMethodAccessorImpl.java:62)
	at sun.reflect.DelegatingMethodAccessorImpl.invoke(DelegatingMethodAccessorImpl.java:43)
	at java.lang.reflect.Method.invoke(Method.java:497)
	at org.testng.internal.MethodInvocationHelper.invokeMethod(MethodInvocationHelper.java:84)
	at org.testng.internal.Invoker.invokeMethod(Invoker.java:714)
	at org.testng.internal.Invoker.invokeTestMethod(Invoker.java:901)
	at org.testng.internal.Invoker.invokeTestMethods(Invoker.java:1231)
	at org.testng.internal.TestMethodWorker.invokeTestMethods(TestMethodWorker.java:127)
	at org.testng.internal.TestMethodWorker.run(TestMethodWorker.java:111)
	at org.testng.TestRunner.privateRun(TestRunner.java:767)
	at org.testng.TestRunner.run(TestRunner.java:617)
	at org.testng.SuiteRunner.runTest(SuiteRunner.java:348)
	at org.testng.SuiteRunner.runSequentially(SuiteRunner.java:343)
	at org.testng.SuiteRunner.privateRun(SuiteRunner.java:305)
	at org.testng.SuiteRunner.run(SuiteRunner.java:254)
	at org.testng.SuiteRunnerWorker.runSuite(SuiteRunnerWorker.java:52)
	at org.testng.SuiteRunnerWorker.run(SuiteRunnerWorker.java:86)
	at org.testng.TestNG.runSuitesSequentially(TestNG.java:1224)
	at org.testng.TestNG.runSuitesSequentially(TestNG.java:1220)
	at org.testng.TestNG.runSuitesLocally(TestNG.java:1149)
	at org.testng.TestNG.run(TestNG.java:1057)
	at org.apache.maven.surefire.testng.TestNGExecutor.run(TestNGExecutor.java:177)
	at org.apache.maven.surefire.testng.TestNGXmlTestSuite.execute(TestNGXmlTestSuite.java:92)
	at org.apache.maven.surefire.testng.TestNGProvider.invoke(TestNGProvider.java:105)
	at sun.reflect.NativeMethodAccessorImpl.invoke0(Native Method)
	at sun.reflect.NativeMethodAccessorImpl.invoke(NativeMethodAccessorImpl.java:62)
	at sun.reflect.DelegatingMethodAccessorImpl.invoke(DelegatingMethodAccessorImpl.java:43)
	at java.lang.reflect.Method.invoke(Method.java:497)
	at org.apache.maven.surefire.util.ReflectionUtils.invokeMethodWithArray(ReflectionUtils.java:189)
	at org.apache.maven.surefire.booter.ProviderFactory$ProviderProxy.invoke(ProviderFactory.java:165)
	at org.apache.maven.surefire.booter.ProviderFactory.invokeProvider(ProviderFactory.java:85)
	at org.apache.maven.surefire.booter.ForkedBooter.runSuitesInProcess(ForkedBooter.java:103)
	at org.apache.maven.surefire.booter.ForkedBooter.main(ForkedBooter.java:74)
]]>
            </full-stacktrace>
          </exception> <!-- junit.framework.AssertionFailedError -->
          <reporter-output>
          </reporter-output>
        </test-method> <!-- testNBC -->
        <test-method status="PASS" signature="teardown()[pri:0, instance:com.mop.qa.test.bvt.Test_Schedule_Assesment@19d1a19]" name="teardown" is-config="true" duration-ms="0" started-at="2015-12-23T18:36:54Z" finished-at="2015-12-23T18:36:54Z">
          <reporter-output>
          </reporter-output>
        </test-method> <!-- teardown -->
      </class> <!-- com.mop.qa.test.bvt.Test_Schedule_Assesment -->
    </test> <!-- Test9 -->
    <test name="Test4" duration-ms="10891" started-at="2015-12-23T13:06:54Z" finished-at="2015-12-23T13:07:05Z">
      <class name="com.mop.qa.test.bvt.Test_TakeAssesment">
        <test-method status="PASS" signature="setUp()[pri:0, instance:com.mop.qa.test.bvt.Test_TakeAssesment@13b32d7]" name="setUp" is-config="true" duration-ms="0" started-at="2015-12-23T18:36:54Z" finished-at="2015-12-23T18:36:54Z">
          <reporter-output>
          </reporter-output>
        </test-method> <!-- setUp -->
        <test-method status="PASS" signature="startTestReport(org.testng.ITestContext)[pri:0, instance:com.mop.qa.test.bvt.Test_TakeAssesment@13b32d7]" name="startTestReport" is-config="true" duration-ms="0" started-at="2015-12-23T18:36:54Z" finished-at="2015-12-23T18:36:54Z">
          <params>
            <param index="0">
              <value>
                <![CDATA[org.testng.TestRunner@12a4eed]]>
              </value>
            </param>
          </params>
          <reporter-output>
          </reporter-output>
        </test-method> <!-- startTestReport -->
        <test-method status="PASS" signature="testNBC()[pri:0, instance:com.mop.qa.test.bvt.Test_TakeAssesment@13b32d7]" name="testNBC" duration-ms="10891" started-at="2015-12-23T18:36:54Z" finished-at="2015-12-23T18:37:05Z">
          <reporter-output>
          </reporter-output>
        </test-method> <!-- testNBC -->
        <test-method status="PASS" signature="teardown()[pri:0, instance:com.mop.qa.test.bvt.Test_TakeAssesment@13b32d7]" name="teardown" is-config="true" duration-ms="0" started-at="2015-12-23T18:37:05Z" finished-at="2015-12-23T18:37:05Z">
          <reporter-output>
          </reporter-output>
        </test-method> <!-- teardown -->
      </class> <!-- com.mop.qa.test.bvt.Test_TakeAssesment -->
    </test> <!-- Test4 -->
    <test name="Test5" duration-ms="99464" started-at="2015-12-23T13:07:05Z" finished-at="2015-12-23T13:08:44Z">
      <class name="com.mop.qa.test.bvt.Test_Schedule_Assesment">
        <test-method status="PASS" signature="startTestReport(org.testng.ITestContext)[pri:0, instance:com.mop.qa.test.bvt.Test_Schedule_Assesment@4f30ec]" name="startTestReport" is-config="true" duration-ms="1" started-at="2015-12-23T18:37:05Z" finished-at="2015-12-23T18:37:05Z">
          <params>
            <param index="0">
              <value>
                <![CDATA[org.testng.TestRunner@1459491]]>
              </value>
            </param>
          </params>
          <reporter-output>
          </reporter-output>
        </test-method> <!-- startTestReport -->
        <test-method status="PASS" signature="setUp()[pri:0, instance:com.mop.qa.test.bvt.Test_Schedule_Assesment@4f30ec]" name="setUp" is-config="true" duration-ms="0" started-at="2015-12-23T18:37:05Z" finished-at="2015-12-23T18:37:05Z">
          <reporter-output>
          </reporter-output>
        </test-method> <!-- setUp -->
        <test-method status="FAIL" signature="testNBC()[pri:0, instance:com.mop.qa.test.bvt.Test_Schedule_Assesment@4f30ec]" name="testNBC" duration-ms="99461" started-at="2015-12-23T18:37:05Z" finished-at="2015-12-23T18:38:44Z">
          <exception class="junit.framework.AssertionFailedError">
            <message>
              <![CDATA[Exception on clicking webelementClick Loginorg.openqa.selenium.TimeoutException: Timed out after 60 seconds waiting for visibility of Proxy element for: org.openqa.selenium.support.pagefactory.DefaultElementLocator@139e7aa
Build info: version: '2.47.0', revision: '0e4837e94b1fad0db93e88cd972ed3e235a22892', time: '2015-07-29 15:58:41'
System info: host: 'PC143191', ip: '10.242.193.102', os.name: 'Windows 7', os.arch: 'x86', os.version: '6.1', java.version: '1.8.0_51'
Driver info: org.openqa.selenium.chrome.ChromeDriver
Capabilities [{applicationCacheEnabled=false, rotatable=false, mobileEmulationEnabled=false, chrome={userDataDir=C:\Users\489163.CTS\AppData\Local\Temp\scoped_dir13532_4797}, takesHeapSnapshot=true, databaseEnabled=false, handlesAlerts=true, version=46.0.2490.71, platform=XP, browserConnectionEnabled=false, nativeEvents=true, acceptSslCerts=true, locationContextEnabled=true, webStorageEnabled=true, browserName=chrome, takesScreenshot=true, javascriptEnabled=true, cssSelectorsEnabled=true}]
Session ID: 767a35f292108ba2724e2bc7dd46d9cb]]>
            </message>
            <full-stacktrace>
              <![CDATA[junit.framework.AssertionFailedError: Exception on clicking webelementClick Loginorg.openqa.selenium.TimeoutException: Timed out after 60 seconds waiting for visibility of Proxy element for: org.openqa.selenium.support.pagefactory.DefaultElementLocator@139e7aa
Build info: version: '2.47.0', revision: '0e4837e94b1fad0db93e88cd972ed3e235a22892', time: '2015-07-29 15:58:41'
System info: host: 'PC143191', ip: '10.242.193.102', os.name: 'Windows 7', os.arch: 'x86', os.version: '6.1', java.version: '1.8.0_51'
Driver info: org.openqa.selenium.chrome.ChromeDriver
Capabilities [{applicationCacheEnabled=false, rotatable=false, mobileEmulationEnabled=false, chrome={userDataDir=C:\Users\489163.CTS\AppData\Local\Temp\scoped_dir13532_4797}, takesHeapSnapshot=true, databaseEnabled=false, handlesAlerts=true, version=46.0.2490.71, platform=XP, browserConnectionEnabled=false, nativeEvents=true, acceptSslCerts=true, locationContextEnabled=true, webStorageEnabled=true, browserName=chrome, takesScreenshot=true, javascriptEnabled=true, cssSelectorsEnabled=true}]
Session ID: 767a35f292108ba2724e2bc7dd46d9cb
	at com.mop.qa.Utilities.ReportGenerator.logException(ReportGenerator.java:233)
	at com.mop.qa.testbase.PageBase_Appium.click(PageBase_Appium.java:321)
	at com.mop.qa.pageobject.Schedule_Assesment.clickLogin(Schedule_Assesment.java:131)
	at com.mop.qa.pageobject.Schedule_Assesment.login(Schedule_Assesment.java:147)
	at com.mop.qa.test.bvt.Test_Schedule_Assesment.testNBC(Test_Schedule_Assesment.java:19)
	at sun.reflect.NativeMethodAccessorImpl.invoke0(Native Method)
	at sun.reflect.NativeMethodAccessorImpl.invoke(NativeMethodAccessorImpl.java:62)
	at sun.reflect.DelegatingMethodAccessorImpl.invoke(DelegatingMethodAccessorImpl.java:43)
	at java.lang.reflect.Method.invoke(Method.java:497)
	at org.testng.internal.MethodInvocationHelper.invokeMethod(MethodInvocationHelper.java:84)
	at org.testng.internal.Invoker.invokeMethod(Invoker.java:714)
	at org.testng.internal.Invoker.invokeTestMethod(Invoker.java:901)
	at org.testng.internal.Invoker.invokeTestMethods(Invoker.java:1231)
	at org.testng.internal.TestMethodWorker.invokeTestMethods(TestMethodWorker.java:127)
	at org.testng.internal.TestMethodWorker.run(TestMethodWorker.java:111)
	at org.testng.TestRunner.privateRun(TestRunner.java:767)
	at org.testng.TestRunner.run(TestRunner.java:617)
	at org.testng.SuiteRunner.runTest(SuiteRunner.java:348)
	at org.testng.SuiteRunner.runSequentially(SuiteRunner.java:343)
	at org.testng.SuiteRunner.privateRun(SuiteRunner.java:305)
	at org.testng.SuiteRunner.run(SuiteRunner.java:254)
	at org.testng.SuiteRunnerWorker.runSuite(SuiteRunnerWorker.java:52)
	at org.testng.SuiteRunnerWorker.run(SuiteRunnerWorker.java:86)
	at org.testng.TestNG.runSuitesSequentially(TestNG.java:1224)
	at org.testng.TestNG.runSuitesSequentially(TestNG.java:1220)
	at org.testng.TestNG.runSuitesLocally(TestNG.java:1149)
	at org.testng.TestNG.run(TestNG.java:1057)
	at org.apache.maven.surefire.testng.TestNGExecutor.run(TestNGExecutor.java:177)
	at org.apache.maven.surefire.testng.TestNGXmlTestSuite.execute(TestNGXmlTestSuite.java:92)
	at org.apache.maven.surefire.testng.TestNGProvider.invoke(TestNGProvider.java:105)
	at sun.reflect.NativeMethodAccessorImpl.invoke0(Native Method)
	at sun.reflect.NativeMethodAccessorImpl.invoke(NativeMethodAccessorImpl.java:62)
	at sun.reflect.DelegatingMethodAccessorImpl.invoke(DelegatingMethodAccessorImpl.java:43)
	at java.lang.reflect.Method.invoke(Method.java:497)
	at org.apache.maven.surefire.util.ReflectionUtils.invokeMethodWithArray(ReflectionUtils.java:189)
	at org.apache.maven.surefire.booter.ProviderFactory$ProviderProxy.invoke(ProviderFactory.java:165)
	at org.apache.maven.surefire.booter.ProviderFactory.invokeProvider(ProviderFactory.java:85)
	at org.apache.maven.surefire.booter.ForkedBooter.runSuitesInProcess(ForkedBooter.java:103)
	at org.apache.maven.surefire.booter.ForkedBooter.main(ForkedBooter.java:74)
]]>
            </full-stacktrace>
          </exception> <!-- junit.framework.AssertionFailedError -->
          <reporter-output>
          </reporter-output>
        </test-method> <!-- testNBC -->
        <test-method status="PASS" signature="teardown()[pri:0, instance:com.mop.qa.test.bvt.Test_Schedule_Assesment@4f30ec]" name="teardown" is-config="true" duration-ms="0" started-at="2015-12-23T18:38:44Z" finished-at="2015-12-23T18:38:44Z">
          <reporter-output>
          </reporter-output>
        </test-method> <!-- teardown -->
      </class> <!-- com.mop.qa.test.bvt.Test_Schedule_Assesment -->
    </test> <!-- Test5 -->
    <test name="Test6" duration-ms="11300" started-at="2015-12-23T13:08:44Z" finished-at="2015-12-23T13:08:55Z">
      <class name="com.mop.qa.test.bvt.Test_TakeAssesment">
        <test-method status="PASS" signature="startTestReport(org.testng.ITestContext)[pri:0, instance:com.mop.qa.test.bvt.Test_TakeAssesment@4bee09]" name="startTestReport" is-config="true" duration-ms="2" started-at="2015-12-23T18:38:44Z" finished-at="2015-12-23T18:38:44Z">
          <params>
            <param index="0">
              <value>
                <![CDATA[org.testng.TestRunner@10846c6]]>
              </value>
            </param>
          </params>
          <reporter-output>
          </reporter-output>
        </test-method> <!-- startTestReport -->
        <test-method status="PASS" signature="setUp()[pri:0, instance:com.mop.qa.test.bvt.Test_TakeAssesment@4bee09]" name="setUp" is-config="true" duration-ms="0" started-at="2015-12-23T18:38:44Z" finished-at="2015-12-23T18:38:44Z">
          <reporter-output>
          </reporter-output>
        </test-method> <!-- setUp -->
        <test-method status="PASS" signature="testNBC()[pri:0, instance:com.mop.qa.test.bvt.Test_TakeAssesment@4bee09]" name="testNBC" duration-ms="11297" started-at="2015-12-23T18:38:44Z" finished-at="2015-12-23T18:38:55Z">
          <reporter-output>
          </reporter-output>
        </test-method> <!-- testNBC -->
        <test-method status="PASS" signature="teardown()[pri:0, instance:com.mop.qa.test.bvt.Test_TakeAssesment@4bee09]" name="teardown" is-config="true" duration-ms="1" started-at="2015-12-23T18:38:55Z" finished-at="2015-12-23T18:38:55Z">
          <reporter-output>
          </reporter-output>
        </test-method> <!-- teardown -->
      </class> <!-- com.mop.qa.test.bvt.Test_TakeAssesment -->
    </test> <!-- Test6 -->
    <test name="Test7" duration-ms="99397" started-at="2015-12-23T13:08:55Z" finished-at="2015-12-23T13:10:35Z">
      <class name="com.mop.qa.test.bvt.Test_Schedule_Assesment">
        <test-method status="PASS" signature="setUp()[pri:0, instance:com.mop.qa.test.bvt.Test_Schedule_Assesment@1ef45e3]" name="setUp" is-config="true" duration-ms="0" started-at="2015-12-23T18:38:55Z" finished-at="2015-12-23T18:38:55Z">
          <reporter-output>
          </reporter-output>
        </test-method> <!-- setUp -->
        <test-method status="PASS" signature="startTestReport(org.testng.ITestContext)[pri:0, instance:com.mop.qa.test.bvt.Test_Schedule_Assesment@1ef45e3]" name="startTestReport" is-config="true" duration-ms="0" started-at="2015-12-23T18:38:55Z" finished-at="2015-12-23T18:38:55Z">
          <params>
            <param index="0">
              <value>
                <![CDATA[org.testng.TestRunner@1a98a6a]]>
              </value>
            </param>
          </params>
          <reporter-output>
          </reporter-output>
        </test-method> <!-- startTestReport -->
        <test-method status="FAIL" signature="testNBC()[pri:0, instance:com.mop.qa.test.bvt.Test_Schedule_Assesment@1ef45e3]" name="testNBC" duration-ms="99396" started-at="2015-12-23T18:38:55Z" finished-at="2015-12-23T18:40:35Z">
          <exception class="junit.framework.AssertionFailedError">
            <message>
              <![CDATA[Exception on clicking webelementClick Loginorg.openqa.selenium.TimeoutException: Timed out after 60 seconds waiting for visibility of Proxy element for: org.openqa.selenium.support.pagefactory.DefaultElementLocator@856961
Build info: version: '2.47.0', revision: '0e4837e94b1fad0db93e88cd972ed3e235a22892', time: '2015-07-29 15:58:41'
System info: host: 'PC143191', ip: '10.242.193.102', os.name: 'Windows 7', os.arch: 'x86', os.version: '6.1', java.version: '1.8.0_51'
Driver info: org.openqa.selenium.chrome.ChromeDriver
Capabilities [{applicationCacheEnabled=false, rotatable=false, mobileEmulationEnabled=false, chrome={userDataDir=C:\Users\489163.CTS\AppData\Local\Temp\scoped_dir13532_4797}, takesHeapSnapshot=true, databaseEnabled=false, handlesAlerts=true, version=46.0.2490.71, platform=XP, browserConnectionEnabled=false, nativeEvents=true, acceptSslCerts=true, locationContextEnabled=true, webStorageEnabled=true, browserName=chrome, takesScreenshot=true, javascriptEnabled=true, cssSelectorsEnabled=true}]
Session ID: 767a35f292108ba2724e2bc7dd46d9cb]]>
            </message>
            <full-stacktrace>
              <![CDATA[junit.framework.AssertionFailedError: Exception on clicking webelementClick Loginorg.openqa.selenium.TimeoutException: Timed out after 60 seconds waiting for visibility of Proxy element for: org.openqa.selenium.support.pagefactory.DefaultElementLocator@856961
Build info: version: '2.47.0', revision: '0e4837e94b1fad0db93e88cd972ed3e235a22892', time: '2015-07-29 15:58:41'
System info: host: 'PC143191', ip: '10.242.193.102', os.name: 'Windows 7', os.arch: 'x86', os.version: '6.1', java.version: '1.8.0_51'
Driver info: org.openqa.selenium.chrome.ChromeDriver
Capabilities [{applicationCacheEnabled=false, rotatable=false, mobileEmulationEnabled=false, chrome={userDataDir=C:\Users\489163.CTS\AppData\Local\Temp\scoped_dir13532_4797}, takesHeapSnapshot=true, databaseEnabled=false, handlesAlerts=true, version=46.0.2490.71, platform=XP, browserConnectionEnabled=false, nativeEvents=true, acceptSslCerts=true, locationContextEnabled=true, webStorageEnabled=true, browserName=chrome, takesScreenshot=true, javascriptEnabled=true, cssSelectorsEnabled=true}]
Session ID: 767a35f292108ba2724e2bc7dd46d9cb
	at com.mop.qa.Utilities.ReportGenerator.logException(ReportGenerator.java:233)
	at com.mop.qa.testbase.PageBase_Appium.click(PageBase_Appium.java:321)
	at com.mop.qa.pageobject.Schedule_Assesment.clickLogin(Schedule_Assesment.java:131)
	at com.mop.qa.pageobject.Schedule_Assesment.login(Schedule_Assesment.java:147)
	at com.mop.qa.test.bvt.Test_Schedule_Assesment.testNBC(Test_Schedule_Assesment.java:19)
	at sun.reflect.NativeMethodAccessorImpl.invoke0(Native Method)
	at sun.reflect.NativeMethodAccessorImpl.invoke(NativeMethodAccessorImpl.java:62)
	at sun.reflect.DelegatingMethodAccessorImpl.invoke(DelegatingMethodAccessorImpl.java:43)
	at java.lang.reflect.Method.invoke(Method.java:497)
	at org.testng.internal.MethodInvocationHelper.invokeMethod(MethodInvocationHelper.java:84)
	at org.testng.internal.Invoker.invokeMethod(Invoker.java:714)
	at org.testng.internal.Invoker.invokeTestMethod(Invoker.java:901)
	at org.testng.internal.Invoker.invokeTestMethods(Invoker.java:1231)
	at org.testng.internal.TestMethodWorker.invokeTestMethods(TestMethodWorker.java:127)
	at org.testng.internal.TestMethodWorker.run(TestMethodWorker.java:111)
	at org.testng.TestRunner.privateRun(TestRunner.java:767)
	at org.testng.TestRunner.run(TestRunner.java:617)
	at org.testng.SuiteRunner.runTest(SuiteRunner.java:348)
	at org.testng.SuiteRunner.runSequentially(SuiteRunner.java:343)
	at org.testng.SuiteRunner.privateRun(SuiteRunner.java:305)
	at org.testng.SuiteRunner.run(SuiteRunner.java:254)
	at org.testng.SuiteRunnerWorker.runSuite(SuiteRunnerWorker.java:52)
	at org.testng.SuiteRunnerWorker.run(SuiteRunnerWorker.java:86)
	at org.testng.TestNG.runSuitesSequentially(TestNG.java:1224)
	at org.testng.TestNG.runSuitesSequentially(TestNG.java:1220)
	at org.testng.TestNG.runSuitesLocally(TestNG.java:1149)
	at org.testng.TestNG.run(TestNG.java:1057)
	at org.apache.maven.surefire.testng.TestNGExecutor.run(TestNGExecutor.java:177)
	at org.apache.maven.surefire.testng.TestNGXmlTestSuite.execute(TestNGXmlTestSuite.java:92)
	at org.apache.maven.surefire.testng.TestNGProvider.invoke(TestNGProvider.java:105)
	at sun.reflect.NativeMethodAccessorImpl.invoke0(Native Method)
	at sun.reflect.NativeMethodAccessorImpl.invoke(NativeMethodAccessorImpl.java:62)
	at sun.reflect.DelegatingMethodAccessorImpl.invoke(DelegatingMethodAccessorImpl.java:43)
	at java.lang.reflect.Method.invoke(Method.java:497)
	at org.apache.maven.surefire.util.ReflectionUtils.invokeMethodWithArray(ReflectionUtils.java:189)
	at org.apache.maven.surefire.booter.ProviderFactory$ProviderProxy.invoke(ProviderFactory.java:165)
	at org.apache.maven.surefire.booter.ProviderFactory.invokeProvider(ProviderFactory.java:85)
	at org.apache.maven.surefire.booter.ForkedBooter.runSuitesInProcess(ForkedBooter.java:103)
	at org.apache.maven.surefire.booter.ForkedBooter.main(ForkedBooter.java:74)
]]>
            </full-stacktrace>
          </exception> <!-- junit.framework.AssertionFailedError -->
          <reporter-output>
          </reporter-output>
        </test-method> <!-- testNBC -->
        <test-method status="PASS" signature="teardown()[pri:0, instance:com.mop.qa.test.bvt.Test_Schedule_Assesment@1ef45e3]" name="teardown" is-config="true" duration-ms="0" started-at="2015-12-23T18:40:35Z" finished-at="2015-12-23T18:40:35Z">
          <reporter-output>
          </reporter-output>
        </test-method> <!-- teardown -->
      </class> <!-- com.mop.qa.test.bvt.Test_Schedule_Assesment -->
    </test> <!-- Test7 -->
    <test name="Test8" duration-ms="11729" started-at="2015-12-23T13:10:35Z" finished-at="2015-12-23T13:10:47Z">
      <class name="com.mop.qa.test.bvt.Test_TakeAssesment">
        <test-method status="PASS" signature="executeSuite(org.testng.ITestContext)[pri:0, instance:com.mop.qa.test.bvt.Test_TakeAssesment@17d0008]" name="executeSuite" is-config="true" duration-ms="6233" started-at="2015-12-23T18:33:13Z" finished-at="2015-12-23T18:33:19Z">
          <params>
            <param index="0">
              <value>
                <![CDATA[org.testng.TestRunner@1b25825]]>
              </value>
            </param>
          </params>
          <reporter-output>
          </reporter-output>
        </test-method> <!-- executeSuite -->
        <test-method status="PASS" signature="startTestReport(org.testng.ITestContext)[pri:0, instance:com.mop.qa.test.bvt.Test_TakeAssesment@17d0008]" name="startTestReport" is-config="true" duration-ms="0" started-at="2015-12-23T18:40:35Z" finished-at="2015-12-23T18:40:35Z">
          <params>
            <param index="0">
              <value>
                <![CDATA[org.testng.TestRunner@1b25825]]>
              </value>
            </param>
          </params>
          <reporter-output>
          </reporter-output>
        </test-method> <!-- startTestReport -->
        <test-method status="PASS" signature="setUp()[pri:0, instance:com.mop.qa.test.bvt.Test_TakeAssesment@17d0008]" name="setUp" is-config="true" duration-ms="0" started-at="2015-12-23T18:40:35Z" finished-at="2015-12-23T18:40:35Z">
          <reporter-output>
          </reporter-output>
        </test-method> <!-- setUp -->
        <test-method status="PASS" signature="testNBC()[pri:0, instance:com.mop.qa.test.bvt.Test_TakeAssesment@17d0008]" name="testNBC" duration-ms="11728" started-at="2015-12-23T18:40:35Z" finished-at="2015-12-23T18:40:47Z">
          <reporter-output>
          </reporter-output>
        </test-method> <!-- testNBC -->
        <test-method status="PASS" signature="teardown()[pri:0, instance:com.mop.qa.test.bvt.Test_TakeAssesment@17d0008]" name="teardown" is-config="true" duration-ms="1" started-at="2015-12-23T18:40:47Z" finished-at="2015-12-23T18:40:47Z">
          <reporter-output>
          </reporter-output>
        </test-method> <!-- teardown -->
        <test-method status="PASS" signature="finishExecution()[pri:0, instance:com.mop.qa.test.bvt.Test_TakeAssesment@17d0008]" name="finishExecution" is-config="true" duration-ms="2558" started-at="2015-12-23T18:40:47Z" finished-at="2015-12-23T18:40:49Z">
          <reporter-output>
          </reporter-output>
        </test-method> <!-- finishExecution -->
      </class> <!-- com.mop.qa.test.bvt.Test_TakeAssesment -->
    </test> <!-- Test8 -->
  </suite> <!-- Canvas Schedule Assesment -->
  <suite name="Canvas 2" duration-ms="449777" started-at="2015-12-23T13:10:52Z" finished-at="2015-12-23T13:18:21Z">
    <groups>
    </groups>
    <test name="Test2" duration-ms="104645" started-at="2015-12-23T13:10:52Z" finished-at="2015-12-23T13:12:36Z">
      <class name="com.mop.qa.test.bvt.Test_Schedule_Assesment">
        <test-method status="PASS" signature="startTestReport(org.testng.ITestContext)[pri:0, instance:com.mop.qa.test.bvt.Test_Schedule_Assesment@1ec2012]" name="startTestReport" is-config="true" duration-ms="0" started-at="2015-12-23T18:40:52Z" finished-at="2015-12-23T18:40:52Z">
          <params>
            <param index="0">
              <value>
                <![CDATA[org.testng.TestRunner@1e10dc6]]>
              </value>
            </param>
          </params>
          <reporter-output>
          </reporter-output>
        </test-method> <!-- startTestReport -->
        <test-method status="FAIL" signature="testNBC()[pri:0, instance:com.mop.qa.test.bvt.Test_Schedule_Assesment@1ec2012]" name="testNBC" duration-ms="104629" started-at="2015-12-23T18:40:52Z" finished-at="2015-12-23T18:42:36Z">
          <exception class="junit.framework.AssertionFailedError">
            <message>
              <![CDATA[Exception on clicking webelementClick Loginorg.openqa.selenium.TimeoutException: Timed out after 60 seconds waiting for visibility of Proxy element for: org.openqa.selenium.support.pagefactory.DefaultElementLocator@ee6f53
Build info: version: '2.47.0', revision: '0e4837e94b1fad0db93e88cd972ed3e235a22892', time: '2015-07-29 15:58:41'
System info: host: 'PC143191', ip: '10.242.193.102', os.name: 'Windows 7', os.arch: 'x86', os.version: '6.1', java.version: '1.8.0_51'
Driver info: org.openqa.selenium.chrome.ChromeDriver
Capabilities [{applicationCacheEnabled=false, rotatable=false, mobileEmulationEnabled=false, chrome={userDataDir=C:\Users\489163.CTS\AppData\Local\Temp\scoped_dir13456_19156}, takesHeapSnapshot=true, databaseEnabled=false, handlesAlerts=true, version=46.0.2490.71, platform=XP, browserConnectionEnabled=false, nativeEvents=true, acceptSslCerts=true, locationContextEnabled=true, webStorageEnabled=true, browserName=chrome, takesScreenshot=true, javascriptEnabled=true, cssSelectorsEnabled=true}]
Session ID: 9c4235c034bae7456314c2bd51f87e02]]>
            </message>
            <full-stacktrace>
              <![CDATA[junit.framework.AssertionFailedError: Exception on clicking webelementClick Loginorg.openqa.selenium.TimeoutException: Timed out after 60 seconds waiting for visibility of Proxy element for: org.openqa.selenium.support.pagefactory.DefaultElementLocator@ee6f53
Build info: version: '2.47.0', revision: '0e4837e94b1fad0db93e88cd972ed3e235a22892', time: '2015-07-29 15:58:41'
System info: host: 'PC143191', ip: '10.242.193.102', os.name: 'Windows 7', os.arch: 'x86', os.version: '6.1', java.version: '1.8.0_51'
Driver info: org.openqa.selenium.chrome.ChromeDriver
Capabilities [{applicationCacheEnabled=false, rotatable=false, mobileEmulationEnabled=false, chrome={userDataDir=C:\Users\489163.CTS\AppData\Local\Temp\scoped_dir13456_19156}, takesHeapSnapshot=true, databaseEnabled=false, handlesAlerts=true, version=46.0.2490.71, platform=XP, browserConnectionEnabled=false, nativeEvents=true, acceptSslCerts=true, locationContextEnabled=true, webStorageEnabled=true, browserName=chrome, takesScreenshot=true, javascriptEnabled=true, cssSelectorsEnabled=true}]
Session ID: 9c4235c034bae7456314c2bd51f87e02
	at com.mop.qa.Utilities.ReportGenerator.logException(ReportGenerator.java:233)
	at com.mop.qa.testbase.PageBase_Appium.click(PageBase_Appium.java:321)
	at com.mop.qa.pageobject.Schedule_Assesment.clickLogin(Schedule_Assesment.java:131)
	at com.mop.qa.pageobject.Schedule_Assesment.login(Schedule_Assesment.java:147)
	at com.mop.qa.test.bvt.Test_Schedule_Assesment.testNBC(Test_Schedule_Assesment.java:19)
	at sun.reflect.NativeMethodAccessorImpl.invoke0(Native Method)
	at sun.reflect.NativeMethodAccessorImpl.invoke(NativeMethodAccessorImpl.java:62)
	at sun.reflect.DelegatingMethodAccessorImpl.invoke(DelegatingMethodAccessorImpl.java:43)
	at java.lang.reflect.Method.invoke(Method.java:497)
	at org.testng.internal.MethodInvocationHelper.invokeMethod(MethodInvocationHelper.java:84)
	at org.testng.internal.Invoker.invokeMethod(Invoker.java:714)
	at org.testng.internal.Invoker.invokeTestMethod(Invoker.java:901)
	at org.testng.internal.Invoker.invokeTestMethods(Invoker.java:1231)
	at org.testng.internal.TestMethodWorker.invokeTestMethods(TestMethodWorker.java:127)
	at org.testng.internal.TestMethodWorker.run(TestMethodWorker.java:111)
	at org.testng.TestRunner.privateRun(TestRunner.java:767)
	at org.testng.TestRunner.run(TestRunner.java:617)
	at org.testng.SuiteRunner.runTest(SuiteRunner.java:348)
	at org.testng.SuiteRunner.runSequentially(SuiteRunner.java:343)
	at org.testng.SuiteRunner.privateRun(SuiteRunner.java:305)
	at org.testng.SuiteRunner.run(SuiteRunner.java:254)
	at org.testng.SuiteRunnerWorker.runSuite(SuiteRunnerWorker.java:52)
	at org.testng.SuiteRunnerWorker.run(SuiteRunnerWorker.java:86)
	at org.testng.TestNG.runSuitesSequentially(TestNG.java:1224)
	at org.testng.TestNG.runSuitesSequentially(TestNG.java:1220)
	at org.testng.TestNG.runSuitesLocally(TestNG.java:1149)
	at org.testng.TestNG.run(TestNG.java:1057)
	at org.apache.maven.surefire.testng.TestNGExecutor.run(TestNGExecutor.java:177)
	at org.apache.maven.surefire.testng.TestNGXmlTestSuite.execute(TestNGXmlTestSuite.java:92)
	at org.apache.maven.surefire.testng.TestNGProvider.invoke(TestNGProvider.java:105)
	at sun.reflect.NativeMethodAccessorImpl.invoke0(Native Method)
	at sun.reflect.NativeMethodAccessorImpl.invoke(NativeMethodAccessorImpl.java:62)
	at sun.reflect.DelegatingMethodAccessorImpl.invoke(DelegatingMethodAccessorImpl.java:43)
	at java.lang.reflect.Method.invoke(Method.java:497)
	at org.apache.maven.surefire.util.ReflectionUtils.invokeMethodWithArray(ReflectionUtils.java:189)
	at org.apache.maven.surefire.booter.ProviderFactory$ProviderProxy.invoke(ProviderFactory.java:165)
	at org.apache.maven.surefire.booter.ProviderFactory.invokeProvider(ProviderFactory.java:85)
	at org.apache.maven.surefire.booter.ForkedBooter.runSuitesInProcess(ForkedBooter.java:103)
	at org.apache.maven.surefire.booter.ForkedBooter.main(ForkedBooter.java:74)
]]>
            </full-stacktrace>
          </exception> <!-- junit.framework.AssertionFailedError -->
          <reporter-output>
          </reporter-output>
        </test-method> <!-- testNBC -->
        <test-method status="PASS" signature="setUp()[pri:0, instance:com.mop.qa.test.bvt.Test_Schedule_Assesment@1ec2012]" name="setUp" is-config="true" duration-ms="0" started-at="2015-12-23T18:40:52Z" finished-at="2015-12-23T18:40:52Z">
          <reporter-output>
          </reporter-output>
        </test-method> <!-- setUp -->
        <test-method status="PASS" signature="teardown()[pri:0, instance:com.mop.qa.test.bvt.Test_Schedule_Assesment@1ec2012]" name="teardown" is-config="true" duration-ms="0" started-at="2015-12-23T18:42:36Z" finished-at="2015-12-23T18:42:36Z">
          <reporter-output>
          </reporter-output>
        </test-method> <!-- teardown -->
      </class> <!-- com.mop.qa.test.bvt.Test_Schedule_Assesment -->
    </test> <!-- Test2 -->
    <test name="Test3" duration-ms="11741" started-at="2015-12-23T13:12:36Z" finished-at="2015-12-23T13:12:48Z">
      <class name="com.mop.qa.test.bvt.Test_TakeAssesment">
        <test-method status="PASS" signature="testNBC()[pri:0, instance:com.mop.qa.test.bvt.Test_TakeAssesment@100d6b1]" name="testNBC" duration-ms="11740" started-at="2015-12-23T18:42:36Z" finished-at="2015-12-23T18:42:48Z">
          <reporter-output>
          </reporter-output>
        </test-method> <!-- testNBC -->
        <test-method status="PASS" signature="setUp()[pri:0, instance:com.mop.qa.test.bvt.Test_TakeAssesment@100d6b1]" name="setUp" is-config="true" duration-ms="0" started-at="2015-12-23T18:42:36Z" finished-at="2015-12-23T18:42:36Z">
          <reporter-output>
          </reporter-output>
        </test-method> <!-- setUp -->
        <test-method status="PASS" signature="startTestReport(org.testng.ITestContext)[pri:0, instance:com.mop.qa.test.bvt.Test_TakeAssesment@100d6b1]" name="startTestReport" is-config="true" duration-ms="0" started-at="2015-12-23T18:42:36Z" finished-at="2015-12-23T18:42:36Z">
          <params>
            <param index="0">
              <value>
                <![CDATA[org.testng.TestRunner@22550a]]>
              </value>
            </param>
          </params>
          <reporter-output>
          </reporter-output>
        </test-method> <!-- startTestReport -->
        <test-method status="PASS" signature="teardown()[pri:0, instance:com.mop.qa.test.bvt.Test_TakeAssesment@100d6b1]" name="teardown" is-config="true" duration-ms="0" started-at="2015-12-23T18:42:48Z" finished-at="2015-12-23T18:42:48Z">
          <reporter-output>
          </reporter-output>
        </test-method> <!-- teardown -->
      </class> <!-- com.mop.qa.test.bvt.Test_TakeAssesment -->
    </test> <!-- Test3 -->
    <test name="Test4" duration-ms="99517" started-at="2015-12-23T13:12:48Z" finished-at="2015-12-23T13:14:27Z">
      <class name="com.mop.qa.test.bvt.Test_Schedule_Assesment">
        <test-method status="PASS" signature="startTestReport(org.testng.ITestContext)[pri:0, instance:com.mop.qa.test.bvt.Test_Schedule_Assesment@149dace]" name="startTestReport" is-config="true" duration-ms="1" started-at="2015-12-23T18:42:48Z" finished-at="2015-12-23T18:42:48Z">
          <params>
            <param index="0">
              <value>
                <![CDATA[org.testng.TestRunner@1e37a7e]]>
              </value>
            </param>
          </params>
          <reporter-output>
          </reporter-output>
        </test-method> <!-- startTestReport -->
        <test-method status="PASS" signature="setUp()[pri:0, instance:com.mop.qa.test.bvt.Test_Schedule_Assesment@149dace]" name="setUp" is-config="true" duration-ms="0" started-at="2015-12-23T18:42:48Z" finished-at="2015-12-23T18:42:48Z">
          <reporter-output>
          </reporter-output>
        </test-method> <!-- setUp -->
        <test-method status="FAIL" signature="testNBC()[pri:0, instance:com.mop.qa.test.bvt.Test_Schedule_Assesment@149dace]" name="testNBC" duration-ms="99516" started-at="2015-12-23T18:42:48Z" finished-at="2015-12-23T18:44:27Z">
          <exception class="junit.framework.AssertionFailedError">
            <message>
              <![CDATA[Exception on clicking webelementClick Loginorg.openqa.selenium.TimeoutException: Timed out after 60 seconds waiting for visibility of Proxy element for: org.openqa.selenium.support.pagefactory.DefaultElementLocator@117566b
Build info: version: '2.47.0', revision: '0e4837e94b1fad0db93e88cd972ed3e235a22892', time: '2015-07-29 15:58:41'
System info: host: 'PC143191', ip: '10.242.193.102', os.name: 'Windows 7', os.arch: 'x86', os.version: '6.1', java.version: '1.8.0_51'
Driver info: org.openqa.selenium.chrome.ChromeDriver
Capabilities [{applicationCacheEnabled=false, rotatable=false, mobileEmulationEnabled=false, chrome={userDataDir=C:\Users\489163.CTS\AppData\Local\Temp\scoped_dir13456_19156}, takesHeapSnapshot=true, databaseEnabled=false, handlesAlerts=true, version=46.0.2490.71, platform=XP, browserConnectionEnabled=false, nativeEvents=true, acceptSslCerts=true, locationContextEnabled=true, webStorageEnabled=true, browserName=chrome, takesScreenshot=true, javascriptEnabled=true, cssSelectorsEnabled=true}]
Session ID: 9c4235c034bae7456314c2bd51f87e02]]>
            </message>
            <full-stacktrace>
              <![CDATA[junit.framework.AssertionFailedError: Exception on clicking webelementClick Loginorg.openqa.selenium.TimeoutException: Timed out after 60 seconds waiting for visibility of Proxy element for: org.openqa.selenium.support.pagefactory.DefaultElementLocator@117566b
Build info: version: '2.47.0', revision: '0e4837e94b1fad0db93e88cd972ed3e235a22892', time: '2015-07-29 15:58:41'
System info: host: 'PC143191', ip: '10.242.193.102', os.name: 'Windows 7', os.arch: 'x86', os.version: '6.1', java.version: '1.8.0_51'
Driver info: org.openqa.selenium.chrome.ChromeDriver
Capabilities [{applicationCacheEnabled=false, rotatable=false, mobileEmulationEnabled=false, chrome={userDataDir=C:\Users\489163.CTS\AppData\Local\Temp\scoped_dir13456_19156}, takesHeapSnapshot=true, databaseEnabled=false, handlesAlerts=true, version=46.0.2490.71, platform=XP, browserConnectionEnabled=false, nativeEvents=true, acceptSslCerts=true, locationContextEnabled=true, webStorageEnabled=true, browserName=chrome, takesScreenshot=true, javascriptEnabled=true, cssSelectorsEnabled=true}]
Session ID: 9c4235c034bae7456314c2bd51f87e02
	at com.mop.qa.Utilities.ReportGenerator.logException(ReportGenerator.java:233)
	at com.mop.qa.testbase.PageBase_Appium.click(PageBase_Appium.java:321)
	at com.mop.qa.pageobject.Schedule_Assesment.clickLogin(Schedule_Assesment.java:131)
	at com.mop.qa.pageobject.Schedule_Assesment.login(Schedule_Assesment.java:147)
	at com.mop.qa.test.bvt.Test_Schedule_Assesment.testNBC(Test_Schedule_Assesment.java:19)
	at sun.reflect.NativeMethodAccessorImpl.invoke0(Native Method)
	at sun.reflect.NativeMethodAccessorImpl.invoke(NativeMethodAccessorImpl.java:62)
	at sun.reflect.DelegatingMethodAccessorImpl.invoke(DelegatingMethodAccessorImpl.java:43)
	at java.lang.reflect.Method.invoke(Method.java:497)
	at org.testng.internal.MethodInvocationHelper.invokeMethod(MethodInvocationHelper.java:84)
	at org.testng.internal.Invoker.invokeMethod(Invoker.java:714)
	at org.testng.internal.Invoker.invokeTestMethod(Invoker.java:901)
	at org.testng.internal.Invoker.invokeTestMethods(Invoker.java:1231)
	at org.testng.internal.TestMethodWorker.invokeTestMethods(TestMethodWorker.java:127)
	at org.testng.internal.TestMethodWorker.run(TestMethodWorker.java:111)
	at org.testng.TestRunner.privateRun(TestRunner.java:767)
	at org.testng.TestRunner.run(TestRunner.java:617)
	at org.testng.SuiteRunner.runTest(SuiteRunner.java:348)
	at org.testng.SuiteRunner.runSequentially(SuiteRunner.java:343)
	at org.testng.SuiteRunner.privateRun(SuiteRunner.java:305)
	at org.testng.SuiteRunner.run(SuiteRunner.java:254)
	at org.testng.SuiteRunnerWorker.runSuite(SuiteRunnerWorker.java:52)
	at org.testng.SuiteRunnerWorker.run(SuiteRunnerWorker.java:86)
	at org.testng.TestNG.runSuitesSequentially(TestNG.java:1224)
	at org.testng.TestNG.runSuitesSequentially(TestNG.java:1220)
	at org.testng.TestNG.runSuitesLocally(TestNG.java:1149)
	at org.testng.TestNG.run(TestNG.java:1057)
	at org.apache.maven.surefire.testng.TestNGExecutor.run(TestNGExecutor.java:177)
	at org.apache.maven.surefire.testng.TestNGXmlTestSuite.execute(TestNGXmlTestSuite.java:92)
	at org.apache.maven.surefire.testng.TestNGProvider.invoke(TestNGProvider.java:105)
	at sun.reflect.NativeMethodAccessorImpl.invoke0(Native Method)
	at sun.reflect.NativeMethodAccessorImpl.invoke(NativeMethodAccessorImpl.java:62)
	at sun.reflect.DelegatingMethodAccessorImpl.invoke(DelegatingMethodAccessorImpl.java:43)
	at java.lang.reflect.Method.invoke(Method.java:497)
	at org.apache.maven.surefire.util.ReflectionUtils.invokeMethodWithArray(ReflectionUtils.java:189)
	at org.apache.maven.surefire.booter.ProviderFactory$ProviderProxy.invoke(ProviderFactory.java:165)
	at org.apache.maven.surefire.booter.ProviderFactory.invokeProvider(ProviderFactory.java:85)
	at org.apache.maven.surefire.booter.ForkedBooter.runSuitesInProcess(ForkedBooter.java:103)
	at org.apache.maven.surefire.booter.ForkedBooter.main(ForkedBooter.java:74)
]]>
            </full-stacktrace>
          </exception> <!-- junit.framework.AssertionFailedError -->
          <reporter-output>
          </reporter-output>
        </test-method> <!-- testNBC -->
        <test-method status="PASS" signature="teardown()[pri:0, instance:com.mop.qa.test.bvt.Test_Schedule_Assesment@149dace]" name="teardown" is-config="true" duration-ms="0" started-at="2015-12-23T18:44:27Z" finished-at="2015-12-23T18:44:27Z">
          <reporter-output>
          </reporter-output>
        </test-method> <!-- teardown -->
      </class> <!-- com.mop.qa.test.bvt.Test_Schedule_Assesment -->
    </test> <!-- Test4 -->
    <test name="Test5" duration-ms="11329" started-at="2015-12-23T13:14:27Z" finished-at="2015-12-23T13:14:39Z">
      <class name="com.mop.qa.test.bvt.Test_TakeAssesment">
        <test-method status="PASS" signature="setUp()[pri:0, instance:com.mop.qa.test.bvt.Test_TakeAssesment@6451e]" name="setUp" is-config="true" duration-ms="16" started-at="2015-12-23T18:44:27Z" finished-at="2015-12-23T18:44:27Z">
          <reporter-output>
          </reporter-output>
        </test-method> <!-- setUp -->
        <test-method status="PASS" signature="startTestReport(org.testng.ITestContext)[pri:0, instance:com.mop.qa.test.bvt.Test_TakeAssesment@6451e]" name="startTestReport" is-config="true" duration-ms="0" started-at="2015-12-23T18:44:27Z" finished-at="2015-12-23T18:44:27Z">
          <params>
            <param index="0">
              <value>
                <![CDATA[org.testng.TestRunner@452cc9]]>
              </value>
            </param>
          </params>
          <reporter-output>
          </reporter-output>
        </test-method> <!-- startTestReport -->
        <test-method status="PASS" signature="testNBC()[pri:0, instance:com.mop.qa.test.bvt.Test_TakeAssesment@6451e]" name="testNBC" duration-ms="11312" started-at="2015-12-23T18:44:27Z" finished-at="2015-12-23T18:44:39Z">
          <reporter-output>
          </reporter-output>
        </test-method> <!-- testNBC -->
        <test-method status="PASS" signature="teardown()[pri:0, instance:com.mop.qa.test.bvt.Test_TakeAssesment@6451e]" name="teardown" is-config="true" duration-ms="1" started-at="2015-12-23T18:44:39Z" finished-at="2015-12-23T18:44:39Z">
          <reporter-output>
          </reporter-output>
        </test-method> <!-- teardown -->
      </class> <!-- com.mop.qa.test.bvt.Test_TakeAssesment -->
    </test> <!-- Test5 -->
    <test name="Test6" duration-ms="99340" started-at="2015-12-23T13:14:39Z" finished-at="2015-12-23T13:16:18Z">
      <class name="com.mop.qa.test.bvt.Test_Schedule_Assesment">
        <test-method status="PASS" signature="startTestReport(org.testng.ITestContext)[pri:0, instance:com.mop.qa.test.bvt.Test_Schedule_Assesment@ef9176]" name="startTestReport" is-config="true" duration-ms="0" started-at="2015-12-23T18:44:39Z" finished-at="2015-12-23T18:44:39Z">
          <params>
            <param index="0">
              <value>
                <![CDATA[org.testng.TestRunner@141827a]]>
              </value>
            </param>
          </params>
          <reporter-output>
          </reporter-output>
        </test-method> <!-- startTestReport -->
        <test-method status="PASS" signature="setUp()[pri:0, instance:com.mop.qa.test.bvt.Test_Schedule_Assesment@ef9176]" name="setUp" is-config="true" duration-ms="0" started-at="2015-12-23T18:44:39Z" finished-at="2015-12-23T18:44:39Z">
          <reporter-output>
          </reporter-output>
        </test-method> <!-- setUp -->
        <test-method status="FAIL" signature="testNBC()[pri:0, instance:com.mop.qa.test.bvt.Test_Schedule_Assesment@ef9176]" name="testNBC" duration-ms="99337" started-at="2015-12-23T18:44:39Z" finished-at="2015-12-23T18:46:18Z">
          <exception class="junit.framework.AssertionFailedError">
            <message>
              <![CDATA[Exception on clicking webelementClick Loginorg.openqa.selenium.TimeoutException: Timed out after 60 seconds waiting for visibility of Proxy element for: org.openqa.selenium.support.pagefactory.DefaultElementLocator@1454b9d
Build info: version: '2.47.0', revision: '0e4837e94b1fad0db93e88cd972ed3e235a22892', time: '2015-07-29 15:58:41'
System info: host: 'PC143191', ip: '10.242.193.102', os.name: 'Windows 7', os.arch: 'x86', os.version: '6.1', java.version: '1.8.0_51'
Driver info: org.openqa.selenium.chrome.ChromeDriver
Capabilities [{applicationCacheEnabled=false, rotatable=false, mobileEmulationEnabled=false, chrome={userDataDir=C:\Users\489163.CTS\AppData\Local\Temp\scoped_dir13456_19156}, takesHeapSnapshot=true, databaseEnabled=false, handlesAlerts=true, version=46.0.2490.71, platform=XP, browserConnectionEnabled=false, nativeEvents=true, acceptSslCerts=true, locationContextEnabled=true, webStorageEnabled=true, browserName=chrome, takesScreenshot=true, javascriptEnabled=true, cssSelectorsEnabled=true}]
Session ID: 9c4235c034bae7456314c2bd51f87e02]]>
            </message>
            <full-stacktrace>
              <![CDATA[junit.framework.AssertionFailedError: Exception on clicking webelementClick Loginorg.openqa.selenium.TimeoutException: Timed out after 60 seconds waiting for visibility of Proxy element for: org.openqa.selenium.support.pagefactory.DefaultElementLocator@1454b9d
Build info: version: '2.47.0', revision: '0e4837e94b1fad0db93e88cd972ed3e235a22892', time: '2015-07-29 15:58:41'
System info: host: 'PC143191', ip: '10.242.193.102', os.name: 'Windows 7', os.arch: 'x86', os.version: '6.1', java.version: '1.8.0_51'
Driver info: org.openqa.selenium.chrome.ChromeDriver
Capabilities [{applicationCacheEnabled=false, rotatable=false, mobileEmulationEnabled=false, chrome={userDataDir=C:\Users\489163.CTS\AppData\Local\Temp\scoped_dir13456_19156}, takesHeapSnapshot=true, databaseEnabled=false, handlesAlerts=true, version=46.0.2490.71, platform=XP, browserConnectionEnabled=false, nativeEvents=true, acceptSslCerts=true, locationContextEnabled=true, webStorageEnabled=true, browserName=chrome, takesScreenshot=true, javascriptEnabled=true, cssSelectorsEnabled=true}]
Session ID: 9c4235c034bae7456314c2bd51f87e02
	at com.mop.qa.Utilities.ReportGenerator.logException(ReportGenerator.java:233)
	at com.mop.qa.testbase.PageBase_Appium.click(PageBase_Appium.java:321)
	at com.mop.qa.pageobject.Schedule_Assesment.clickLogin(Schedule_Assesment.java:131)
	at com.mop.qa.pageobject.Schedule_Assesment.login(Schedule_Assesment.java:147)
	at com.mop.qa.test.bvt.Test_Schedule_Assesment.testNBC(Test_Schedule_Assesment.java:19)
	at sun.reflect.NativeMethodAccessorImpl.invoke0(Native Method)
	at sun.reflect.NativeMethodAccessorImpl.invoke(NativeMethodAccessorImpl.java:62)
	at sun.reflect.DelegatingMethodAccessorImpl.invoke(DelegatingMethodAccessorImpl.java:43)
	at java.lang.reflect.Method.invoke(Method.java:497)
	at org.testng.internal.MethodInvocationHelper.invokeMethod(MethodInvocationHelper.java:84)
	at org.testng.internal.Invoker.invokeMethod(Invoker.java:714)
	at org.testng.internal.Invoker.invokeTestMethod(Invoker.java:901)
	at org.testng.internal.Invoker.invokeTestMethods(Invoker.java:1231)
	at org.testng.internal.TestMethodWorker.invokeTestMethods(TestMethodWorker.java:127)
	at org.testng.internal.TestMethodWorker.run(TestMethodWorker.java:111)
	at org.testng.TestRunner.privateRun(TestRunner.java:767)
	at org.testng.TestRunner.run(TestRunner.java:617)
	at org.testng.SuiteRunner.runTest(SuiteRunner.java:348)
	at org.testng.SuiteRunner.runSequentially(SuiteRunner.java:343)
	at org.testng.SuiteRunner.privateRun(SuiteRunner.java:305)
	at org.testng.SuiteRunner.run(SuiteRunner.java:254)
	at org.testng.SuiteRunnerWorker.runSuite(SuiteRunnerWorker.java:52)
	at org.testng.SuiteRunnerWorker.run(SuiteRunnerWorker.java:86)
	at org.testng.TestNG.runSuitesSequentially(TestNG.java:1224)
	at org.testng.TestNG.runSuitesSequentially(TestNG.java:1220)
	at org.testng.TestNG.runSuitesLocally(TestNG.java:1149)
	at org.testng.TestNG.run(TestNG.java:1057)
	at org.apache.maven.surefire.testng.TestNGExecutor.run(TestNGExecutor.java:177)
	at org.apache.maven.surefire.testng.TestNGXmlTestSuite.execute(TestNGXmlTestSuite.java:92)
	at org.apache.maven.surefire.testng.TestNGProvider.invoke(TestNGProvider.java:105)
	at sun.reflect.NativeMethodAccessorImpl.invoke0(Native Method)
	at sun.reflect.NativeMethodAccessorImpl.invoke(NativeMethodAccessorImpl.java:62)
	at sun.reflect.DelegatingMethodAccessorImpl.invoke(DelegatingMethodAccessorImpl.java:43)
	at java.lang.reflect.Method.invoke(Method.java:497)
	at org.apache.maven.surefire.util.ReflectionUtils.invokeMethodWithArray(ReflectionUtils.java:189)
	at org.apache.maven.surefire.booter.ProviderFactory$ProviderProxy.invoke(ProviderFactory.java:165)
	at org.apache.maven.surefire.booter.ProviderFactory.invokeProvider(ProviderFactory.java:85)
	at org.apache.maven.surefire.booter.ForkedBooter.runSuitesInProcess(ForkedBooter.java:103)
	at org.apache.maven.surefire.booter.ForkedBooter.main(ForkedBooter.java:74)
]]>
            </full-stacktrace>
          </exception> <!-- junit.framework.AssertionFailedError -->
          <reporter-output>
          </reporter-output>
        </test-method> <!-- testNBC -->
        <test-method status="PASS" signature="teardown()[pri:0, instance:com.mop.qa.test.bvt.Test_Schedule_Assesment@ef9176]" name="teardown" is-config="true" duration-ms="0" started-at="2015-12-23T18:46:18Z" finished-at="2015-12-23T18:46:18Z">
          <reporter-output>
          </reporter-output>
        </test-method> <!-- teardown -->
      </class> <!-- com.mop.qa.test.bvt.Test_Schedule_Assesment -->
    </test> <!-- Test6 -->
    <test name="Test7" duration-ms="12040" started-at="2015-12-23T13:16:18Z" finished-at="2015-12-23T13:16:30Z">
      <class name="com.mop.qa.test.bvt.Test_TakeAssesment">
        <test-method status="PASS" signature="setUp()[pri:0, instance:com.mop.qa.test.bvt.Test_TakeAssesment@1ea3742]" name="setUp" is-config="true" duration-ms="1" started-at="2015-12-23T18:46:18Z" finished-at="2015-12-23T18:46:18Z">
          <reporter-output>
          </reporter-output>
        </test-method> <!-- setUp -->
        <test-method status="PASS" signature="startTestReport(org.testng.ITestContext)[pri:0, instance:com.mop.qa.test.bvt.Test_TakeAssesment@1ea3742]" name="startTestReport" is-config="true" duration-ms="0" started-at="2015-12-23T18:46:18Z" finished-at="2015-12-23T18:46:18Z">
          <params>
            <param index="0">
              <value>
                <![CDATA[org.testng.TestRunner@1a7005d]]>
              </value>
            </param>
          </params>
          <reporter-output>
          </reporter-output>
        </test-method> <!-- startTestReport -->
        <test-method status="PASS" signature="testNBC()[pri:0, instance:com.mop.qa.test.bvt.Test_TakeAssesment@1ea3742]" name="testNBC" duration-ms="12038" started-at="2015-12-23T18:46:18Z" finished-at="2015-12-23T18:46:30Z">
          <reporter-output>
          </reporter-output>
        </test-method> <!-- testNBC -->
        <test-method status="PASS" signature="teardown()[pri:0, instance:com.mop.qa.test.bvt.Test_TakeAssesment@1ea3742]" name="teardown" is-config="true" duration-ms="1" started-at="2015-12-23T18:46:30Z" finished-at="2015-12-23T18:46:30Z">
          <reporter-output>
          </reporter-output>
        </test-method> <!-- teardown -->
      </class> <!-- com.mop.qa.test.bvt.Test_TakeAssesment -->
    </test> <!-- Test7 -->
    <test name="Test9" duration-ms="99209" started-at="2015-12-23T13:16:30Z" finished-at="2015-12-23T13:18:09Z">
      <class name="com.mop.qa.test.bvt.Test_Schedule_Assesment">
        <test-method status="PASS" signature="startTestReport(org.testng.ITestContext)[pri:0, instance:com.mop.qa.test.bvt.Test_Schedule_Assesment@49fd9b]" name="startTestReport" is-config="true" duration-ms="0" started-at="2015-12-23T18:46:30Z" finished-at="2015-12-23T18:46:30Z">
          <params>
            <param index="0">
              <value>
                <![CDATA[org.testng.TestRunner@1c9ba1d]]>
              </value>
            </param>
          </params>
          <reporter-output>
          </reporter-output>
        </test-method> <!-- startTestReport -->
        <test-method status="PASS" signature="setUp()[pri:0, instance:com.mop.qa.test.bvt.Test_Schedule_Assesment@49fd9b]" name="setUp" is-config="true" duration-ms="1" started-at="2015-12-23T18:46:30Z" finished-at="2015-12-23T18:46:30Z">
          <reporter-output>
          </reporter-output>
        </test-method> <!-- setUp -->
        <test-method status="FAIL" signature="testNBC()[pri:0, instance:com.mop.qa.test.bvt.Test_Schedule_Assesment@49fd9b]" name="testNBC" duration-ms="99208" started-at="2015-12-23T18:46:30Z" finished-at="2015-12-23T18:48:09Z">
          <exception class="junit.framework.AssertionFailedError">
            <message>
              <![CDATA[Exception on clicking webelementClick Loginorg.openqa.selenium.TimeoutException: Timed out after 60 seconds waiting for visibility of Proxy element for: org.openqa.selenium.support.pagefactory.DefaultElementLocator@1b14724
Build info: version: '2.47.0', revision: '0e4837e94b1fad0db93e88cd972ed3e235a22892', time: '2015-07-29 15:58:41'
System info: host: 'PC143191', ip: '10.242.193.102', os.name: 'Windows 7', os.arch: 'x86', os.version: '6.1', java.version: '1.8.0_51'
Driver info: org.openqa.selenium.chrome.ChromeDriver
Capabilities [{applicationCacheEnabled=false, rotatable=false, mobileEmulationEnabled=false, chrome={userDataDir=C:\Users\489163.CTS\AppData\Local\Temp\scoped_dir13456_19156}, takesHeapSnapshot=true, databaseEnabled=false, handlesAlerts=true, version=46.0.2490.71, platform=XP, browserConnectionEnabled=false, nativeEvents=true, acceptSslCerts=true, locationContextEnabled=true, webStorageEnabled=true, browserName=chrome, takesScreenshot=true, javascriptEnabled=true, cssSelectorsEnabled=true}]
Session ID: 9c4235c034bae7456314c2bd51f87e02]]>
            </message>
            <full-stacktrace>
              <![CDATA[junit.framework.AssertionFailedError: Exception on clicking webelementClick Loginorg.openqa.selenium.TimeoutException: Timed out after 60 seconds waiting for visibility of Proxy element for: org.openqa.selenium.support.pagefactory.DefaultElementLocator@1b14724
Build info: version: '2.47.0', revision: '0e4837e94b1fad0db93e88cd972ed3e235a22892', time: '2015-07-29 15:58:41'
System info: host: 'PC143191', ip: '10.242.193.102', os.name: 'Windows 7', os.arch: 'x86', os.version: '6.1', java.version: '1.8.0_51'
Driver info: org.openqa.selenium.chrome.ChromeDriver
Capabilities [{applicationCacheEnabled=false, rotatable=false, mobileEmulationEnabled=false, chrome={userDataDir=C:\Users\489163.CTS\AppData\Local\Temp\scoped_dir13456_19156}, takesHeapSnapshot=true, databaseEnabled=false, handlesAlerts=true, version=46.0.2490.71, platform=XP, browserConnectionEnabled=false, nativeEvents=true, acceptSslCerts=true, locationContextEnabled=true, webStorageEnabled=true, browserName=chrome, takesScreenshot=true, javascriptEnabled=true, cssSelectorsEnabled=true}]
Session ID: 9c4235c034bae7456314c2bd51f87e02
	at com.mop.qa.Utilities.ReportGenerator.logException(ReportGenerator.java:233)
	at com.mop.qa.testbase.PageBase_Appium.click(PageBase_Appium.java:321)
	at com.mop.qa.pageobject.Schedule_Assesment.clickLogin(Schedule_Assesment.java:131)
	at com.mop.qa.pageobject.Schedule_Assesment.login(Schedule_Assesment.java:147)
	at com.mop.qa.test.bvt.Test_Schedule_Assesment.testNBC(Test_Schedule_Assesment.java:19)
	at sun.reflect.NativeMethodAccessorImpl.invoke0(Native Method)
	at sun.reflect.NativeMethodAccessorImpl.invoke(NativeMethodAccessorImpl.java:62)
	at sun.reflect.DelegatingMethodAccessorImpl.invoke(DelegatingMethodAccessorImpl.java:43)
	at java.lang.reflect.Method.invoke(Method.java:497)
	at org.testng.internal.MethodInvocationHelper.invokeMethod(MethodInvocationHelper.java:84)
	at org.testng.internal.Invoker.invokeMethod(Invoker.java:714)
	at org.testng.internal.Invoker.invokeTestMethod(Invoker.java:901)
	at org.testng.internal.Invoker.invokeTestMethods(Invoker.java:1231)
	at org.testng.internal.TestMethodWorker.invokeTestMethods(TestMethodWorker.java:127)
	at org.testng.internal.TestMethodWorker.run(TestMethodWorker.java:111)
	at org.testng.TestRunner.privateRun(TestRunner.java:767)
	at org.testng.TestRunner.run(TestRunner.java:617)
	at org.testng.SuiteRunner.runTest(SuiteRunner.java:348)
	at org.testng.SuiteRunner.runSequentially(SuiteRunner.java:343)
	at org.testng.SuiteRunner.privateRun(SuiteRunner.java:305)
	at org.testng.SuiteRunner.run(SuiteRunner.java:254)
	at org.testng.SuiteRunnerWorker.runSuite(SuiteRunnerWorker.java:52)
	at org.testng.SuiteRunnerWorker.run(SuiteRunnerWorker.java:86)
	at org.testng.TestNG.runSuitesSequentially(TestNG.java:1224)
	at org.testng.TestNG.runSuitesSequentially(TestNG.java:1220)
	at org.testng.TestNG.runSuitesLocally(TestNG.java:1149)
	at org.testng.TestNG.run(TestNG.java:1057)
	at org.apache.maven.surefire.testng.TestNGExecutor.run(TestNGExecutor.java:177)
	at org.apache.maven.surefire.testng.TestNGXmlTestSuite.execute(TestNGXmlTestSuite.java:92)
	at org.apache.maven.surefire.testng.TestNGProvider.invoke(TestNGProvider.java:105)
	at sun.reflect.NativeMethodAccessorImpl.invoke0(Native Method)
	at sun.reflect.NativeMethodAccessorImpl.invoke(NativeMethodAccessorImpl.java:62)
	at sun.reflect.DelegatingMethodAccessorImpl.invoke(DelegatingMethodAccessorImpl.java:43)
	at java.lang.reflect.Method.invoke(Method.java:497)
	at org.apache.maven.surefire.util.ReflectionUtils.invokeMethodWithArray(ReflectionUtils.java:189)
	at org.apache.maven.surefire.booter.ProviderFactory$ProviderProxy.invoke(ProviderFactory.java:165)
	at org.apache.maven.surefire.booter.ProviderFactory.invokeProvider(ProviderFactory.java:85)
	at org.apache.maven.surefire.booter.ForkedBooter.runSuitesInProcess(ForkedBooter.java:103)
	at org.apache.maven.surefire.booter.ForkedBooter.main(ForkedBooter.java:74)
]]>
            </full-stacktrace>
          </exception> <!-- junit.framework.AssertionFailedError -->
          <reporter-output>
          </reporter-output>
        </test-method> <!-- testNBC -->
        <test-method status="PASS" signature="teardown()[pri:0, instance:com.mop.qa.test.bvt.Test_Schedule_Assesment@49fd9b]" name="teardown" is-config="true" duration-ms="0" started-at="2015-12-23T18:48:09Z" finished-at="2015-12-23T18:48:09Z">
          <reporter-output>
          </reporter-output>
        </test-method> <!-- teardown -->
      </class> <!-- com.mop.qa.test.bvt.Test_Schedule_Assesment -->
    </test> <!-- Test9 -->
    <test name="Test8" duration-ms="11897" started-at="2015-12-23T13:18:09Z" finished-at="2015-12-23T13:18:21Z">
      <class name="com.mop.qa.test.bvt.Test_TakeAssesment">
        <test-method status="PASS" signature="executeSuite(org.testng.ITestContext)[pri:0, instance:com.mop.qa.test.bvt.Test_TakeAssesment@12b07fd]" name="executeSuite" is-config="true" duration-ms="2365" started-at="2015-12-23T18:40:49Z" finished-at="2015-12-23T18:40:52Z">
          <params>
            <param index="0">
              <value>
                <![CDATA[org.testng.TestRunner@fbff54]]>
              </value>
            </param>
          </params>
          <reporter-output>
          </reporter-output>
        </test-method> <!-- executeSuite -->
        <test-method status="PASS" signature="setUp()[pri:0, instance:com.mop.qa.test.bvt.Test_TakeAssesment@12b07fd]" name="setUp" is-config="true" duration-ms="0" started-at="2015-12-23T18:48:09Z" finished-at="2015-12-23T18:48:09Z">
          <reporter-output>
          </reporter-output>
        </test-method> <!-- setUp -->
        <test-method status="PASS" signature="startTestReport(org.testng.ITestContext)[pri:0, instance:com.mop.qa.test.bvt.Test_TakeAssesment@12b07fd]" name="startTestReport" is-config="true" duration-ms="0" started-at="2015-12-23T18:48:09Z" finished-at="2015-12-23T18:48:09Z">
          <params>
            <param index="0">
              <value>
                <![CDATA[org.testng.TestRunner@fbff54]]>
              </value>
            </param>
          </params>
          <reporter-output>
          </reporter-output>
        </test-method> <!-- startTestReport -->
        <test-method status="PASS" signature="testNBC()[pri:0, instance:com.mop.qa.test.bvt.Test_TakeAssesment@12b07fd]" name="testNBC" duration-ms="11896" started-at="2015-12-23T18:48:09Z" finished-at="2015-12-23T18:48:21Z">
          <reporter-output>
          </reporter-output>
        </test-method> <!-- testNBC -->
        <test-method status="PASS" signature="teardown()[pri:0, instance:com.mop.qa.test.bvt.Test_TakeAssesment@12b07fd]" name="teardown" is-config="true" duration-ms="1" started-at="2015-12-23T18:48:21Z" finished-at="2015-12-23T18:48:21Z">
          <reporter-output>
          </reporter-output>
        </test-method> <!-- teardown -->
        <test-method status="PASS" signature="finishExecution()[pri:0, instance:com.mop.qa.test.bvt.Test_TakeAssesment@12b07fd]" name="finishExecution" is-config="true" duration-ms="2339" started-at="2015-12-23T18:48:21Z" finished-at="2015-12-23T18:48:24Z">
          <reporter-output>
          </reporter-output>
        </test-method> <!-- finishExecution -->
      </class> <!-- com.mop.qa.test.bvt.Test_TakeAssesment -->
    </test> <!-- Test8 -->
  </suite> <!-- Canvas 2 -->
  <suite name="testng" duration-ms="0" started-at="2015-12-23T13:18:25Z" finished-at="2015-12-23T13:18:25Z">
    <groups>
    </groups>
  </suite> <!-- testng -->
</testng-results>
