<?xml version="1.0" encoding="UTF-8"?>
<!-- Generated by org.testng.reporters.JUnitXMLReporter -->
<testsuite hostname="PC143191" name="Test9" tests="1" failures="1" timestamp="23 Dec 2015 13:06:54 GMT" time="99.253" errors="0">
  <testcase name="testNBC" time="99.25" classname="com.mop.qa.test.bvt.Test_Schedule_Assesment">
    <failure type="junit.framework.AssertionFailedError" message="Exception on clicking webelementClick Loginorg.openqa.selenium.TimeoutException: Timed out after 60 seconds waiting for visibility of Proxy element for: org.openqa.selenium.support.pagefactory.DefaultElementLocator@604b81
Build info: version: &amp;apos;2.47.0&amp;apos;, revision: &amp;apos;0e4837e94b1fad0db93e88cd972ed3e235a22892&amp;apos;, time: &amp;apos;2015-07-29 15:58:41&amp;apos;
System info: host: &amp;apos;PC143191&amp;apos;, ip: &amp;apos;10.242.193.102&amp;apos;, os.name: &amp;apos;Windows 7&amp;apos;, os.arch: &amp;apos;x86&amp;apos;, os.version: &amp;apos;6.1&amp;apos;, java.version: &amp;apos;1.8.0_51&amp;apos;
Driver info: org.openqa.selenium.chrome.ChromeDriver
Capabilities [{applicationCacheEnabled=false, rotatable=false, mobileEmulationEnabled=false, chrome={userDataDir=C:\Users\489163.CTS\AppData\Local\Temp\scoped_dir13532_4797}, takesHeapSnapshot=true, databaseEnabled=false, handlesAlerts=true, version=46.0.2490.71, platform=XP, browserConnectionEnabled=false, nativeEvents=true, acceptSslCerts=true, locationContextEnabled=true, webStorageEnabled=true, browserName=chrome, takesScreenshot=true, javascriptEnabled=true, cssSelectorsEnabled=true}]
Session ID: 767a35f292108ba2724e2bc7dd46d9cb">
      <![CDATA[junit.framework.AssertionFailedError: Exception on clicking webelementClick Loginorg.openqa.selenium.TimeoutException: Timed out after 60 seconds waiting for visibility of Proxy element for: org.openqa.selenium.support.pagefactory.DefaultElementLocator@604b81
Build info: version: '2.47.0', revision: '0e4837e94b1fad0db93e88cd972ed3e235a22892', time: '2015-07-29 15:58:41'
System info: host: 'PC143191', ip: '10.242.193.102', os.name: 'Windows 7', os.arch: 'x86', os.version: '6.1', java.version: '1.8.0_51'
Driver info: org.openqa.selenium.chrome.ChromeDriver
Capabilities [{applicationCacheEnabled=false, rotatable=false, mobileEmulationEnabled=false, chrome={userDataDir=C:\Users\489163.CTS\AppData\Local\Temp\scoped_dir13532_4797}, takesHeapSnapshot=true, databaseEnabled=false, handlesAlerts=true, version=46.0.2490.71, platform=XP, browserConnectionEnabled=false, nativeEvents=true, acceptSslCerts=true, locationContextEnabled=true, webStorageEnabled=true, browserName=chrome, takesScreenshot=true, javascriptEnabled=true, cssSelectorsEnabled=true}]
Session ID: 767a35f292108ba2724e2bc7dd46d9cb
	at com.mop.qa.Utilities.ReportGenerator.logException(ReportGenerator.java:233)
	at com.mop.qa.testbase.PageBase_Appium.click(PageBase_Appium.java:321)
	at com.mop.qa.pageobject.Schedule_Assesment.clickLogin(Schedule_Assesment.java:131)
	at com.mop.qa.pageobject.Schedule_Assesment.login(Schedule_Assesment.java:147)
	at com.mop.qa.test.bvt.Test_Schedule_Assesment.testNBC(Test_Schedule_Assesment.java:19)
... Removed 34 stack frames]]>
    </failure>
  </testcase> <!-- testNBC -->
</testsuite> <!-- Test9 -->
