<!DOCTYPE html PUBLIC "-//W3C//DTD XHTML 1.1//EN" "http://www.w3.org/TR/xhtml11/DTD/xhtml11.dtd">
<html xmlns="http://www.w3.org/1999/xhtml"><head><title>TestNG Report</title><style type="text/css">table {margin-bottom:10px;border-collapse:collapse;empty-cells:show}th,td {border:1px solid #009;padding:.25em .5em}th {vertical-align:bottom}td {vertical-align:top}table a {font-weight:bold}.stripe td {background-color: #E6EBF9}.num {text-align:right}.passedodd td {background-color: #3F3}.passedeven td {background-color: #0A0}.skippedodd td {background-color: #DDD}.skippedeven td {background-color: #CCC}.failedodd td,.attn {background-color: #F33}.failedeven td,.stripe .attn {background-color: #D00}.stacktrace {white-space:pre;font-family:monospace}.totop {font-size:85%;text-align:center;border-bottom:2px solid #000}</style></head><body><table><tr><th>Test</th><th># Passed</th><th># Skipped</th><th># Failed</th><th>Time (ms)</th><th>Included Groups</th><th>Excluded Groups</th></tr><tr><th colspan="7">Default suite</th></tr><tr><td><a href="#t0">Default test</a></td><td class="num">3</td><td class="num">0</td><td class="num attn">3</td><td class="num">344,219</td><td></td><td></td></tr></table><table><thead><tr><th>Class</th><th>Method</th><th>Start</th><th>Time (ms)</th></tr></thead><tbody><tr><th colspan="4">Default suite</th></tr></tbody><tbody id="t0"><tr><th colspan="4">Default test &#8212; failed</th></tr><tr class="failedeven"><td rowspan="1">com.mop.qa.test.bvt.Canvasinstr_perform_file</td><td><a href="#m0">testNBC</a></td><td rowspan="1">1450872431922</td><td rowspan="1">114973</td></tr><tr class="failedodd"><td rowspan="1">com.mop.qa.test.bvt.Canvasintruct_native_file</td><td><a href="#m1">testNBC</a></td><td rowspan="1">1450872560329</td><td rowspan="1">92828</td></tr><tr class="failedeven"><td rowspan="1">com.mop.qa.test.bvt.Test_Schedule_Assesment</td><td><a href="#m2">testNBC</a></td><td rowspan="1">1450872653164</td><td rowspan="1">100678</td></tr><tr><th colspan="4">Default test &#8212; passed</th></tr><tr class="passedeven"><td rowspan="1">com.mop.qa.test.bvt.TestCanvas_iOS</td><td><a href="#m3">testNBC</a></td><td rowspan="1">1450872753845</td><td rowspan="1">1</td></tr><tr class="passedodd"><td rowspan="1">com.mop.qa.test.bvt.TestToday_Android</td><td><a href="#m4">testNBC</a></td><td rowspan="1">1450872409861</td><td rowspan="1">22059</td></tr><tr class="passedeven"><td rowspan="1">com.mop.qa.test.bvt.Test_TakeAssesment</td><td><a href="#m5">testNBC</a></td><td rowspan="1">1450872546900</td><td rowspan="1">13427</td></tr></tbody></table><h2>Default test</h2><h3 id="m0">com.mop.qa.test.bvt.Canvasinstr_perform_file#testNBC</h3><table class="result"><tr><th>Exception</th></tr><tr><td><div class="stacktrace">junit.framework.AssertionFailedError: Exception on clicking webelementClick Coursetaborg.openqa.selenium.TimeoutException: Timed out after 60 seconds waiting for visibility of Proxy element for: org.openqa.selenium.support.pagefactory.DefaultElementLocator@f6d34c
Build info: version: &apos;2.47.0&apos;, revision: &apos;0e4837e94b1fad0db93e88cd972ed3e235a22892&apos;, time: &apos;2015-07-29 15:58:41&apos;
System info: host: &apos;PC143191&apos;, ip: &apos;10.242.193.102&apos;, os.name: &apos;Windows 7&apos;, os.arch: &apos;x86&apos;, os.version: &apos;6.1&apos;, java.version: &apos;1.8.0_51&apos;
Driver info: org.openqa.selenium.chrome.ChromeDriver
Capabilities [{applicationCacheEnabled=false, rotatable=false, mobileEmulationEnabled=false, chrome={userDataDir=C:\Users\489163.CTS\AppData\Local\Temp\scoped_dir6832_9876}, takesHeapSnapshot=true, databaseEnabled=false, handlesAlerts=true, version=46.0.2490.71, platform=XP, browserConnectionEnabled=false, nativeEvents=true, acceptSslCerts=true, locationContextEnabled=true, webStorageEnabled=true, browserName=chrome, takesScreenshot=true, javascriptEnabled=true, cssSelectorsEnabled=true}]
Session ID: fdfd58a8a2ac0345e6d5c6edc999814a
	at com.mop.qa.Utilities.ReportGenerator.logException(ReportGenerator.java:233)
	at com.mop.qa.testbase.PageBase_Appium.click(PageBase_Appium.java:321)
	at com.mop.qa.pageobject.Canvas_instructer_perform.clickCoursetab(Canvas_instructer_perform.java:76)
	at com.mop.qa.pageobject.Canvas_instructer_perform.navigateToSherPath(Canvas_instructer_perform.java:87)
	at com.mop.qa.test.bvt.Canvasinstr_perform_file.testNBC(Canvasinstr_perform_file.java:24)
	at sun.reflect.NativeMethodAccessorImpl.invoke0(Native Method)
	at sun.reflect.NativeMethodAccessorImpl.invoke(NativeMethodAccessorImpl.java:62)
	at sun.reflect.DelegatingMethodAccessorImpl.invoke(DelegatingMethodAccessorImpl.java:43)
	at java.lang.reflect.Method.invoke(Method.java:497)
	at org.testng.internal.MethodInvocationHelper.invokeMethod(MethodInvocationHelper.java:84)
	at org.testng.internal.Invoker.invokeMethod(Invoker.java:714)
	at org.testng.internal.Invoker.invokeTestMethod(Invoker.java:901)
	at org.testng.internal.Invoker.invokeTestMethods(Invoker.java:1231)
	at org.testng.internal.TestMethodWorker.invokeTestMethods(TestMethodWorker.java:127)
	at org.testng.internal.TestMethodWorker.run(TestMethodWorker.java:111)
	at org.testng.TestRunner.privateRun(TestRunner.java:767)
	at org.testng.TestRunner.run(TestRunner.java:617)
	at org.testng.SuiteRunner.runTest(SuiteRunner.java:334)
	at org.testng.SuiteRunner.runSequentially(SuiteRunner.java:329)
	at org.testng.SuiteRunner.privateRun(SuiteRunner.java:291)
	at org.testng.SuiteRunner.run(SuiteRunner.java:240)
	at org.testng.SuiteRunnerWorker.runSuite(SuiteRunnerWorker.java:52)
	at org.testng.SuiteRunnerWorker.run(SuiteRunnerWorker.java:86)
	at org.testng.TestNG.runSuitesSequentially(TestNG.java:1224)
	at org.testng.TestNG.runSuitesLocally(TestNG.java:1149)
	at org.testng.TestNG.run(TestNG.java:1057)
	at org.testng.remote.RemoteTestNG.run(RemoteTestNG.java:111)
	at org.testng.remote.RemoteTestNG.initAndRun(RemoteTestNG.java:204)
	at org.testng.remote.RemoteTestNG.main(RemoteTestNG.java:175)
</div></td></tr></table><p class="totop"><a href="#summary">back to summary</a></p><h3 id="m1">com.mop.qa.test.bvt.Canvasintruct_native_file#testNBC</h3><table class="result"><tr><th>Exception</th></tr><tr><td><div class="stacktrace">junit.framework.AssertionFailedError: Enter text failedorg.openqa.selenium.TimeoutException: Timed out after 60 seconds waiting for visibility of Proxy element for: org.openqa.selenium.support.pagefactory.DefaultElementLocator@1fb19a0
Build info: version: &apos;2.47.0&apos;, revision: &apos;0e4837e94b1fad0db93e88cd972ed3e235a22892&apos;, time: &apos;2015-07-29 15:58:41&apos;
System info: host: &apos;PC143191&apos;, ip: &apos;10.242.193.102&apos;, os.name: &apos;Windows 7&apos;, os.arch: &apos;x86&apos;, os.version: &apos;6.1&apos;, java.version: &apos;1.8.0_51&apos;
Driver info: org.openqa.selenium.chrome.ChromeDriver
Capabilities [{applicationCacheEnabled=false, rotatable=false, mobileEmulationEnabled=false, chrome={userDataDir=C:\Users\489163.CTS\AppData\Local\Temp\scoped_dir6832_9876}, takesHeapSnapshot=true, databaseEnabled=false, handlesAlerts=true, version=46.0.2490.71, platform=XP, browserConnectionEnabled=false, nativeEvents=true, acceptSslCerts=true, locationContextEnabled=true, webStorageEnabled=true, browserName=chrome, takesScreenshot=true, javascriptEnabled=true, cssSelectorsEnabled=true}]
Session ID: fdfd58a8a2ac0345e6d5c6edc999814a
	at com.mop.qa.Utilities.ReportGenerator.logException(ReportGenerator.java:233)
	at com.mop.qa.testbase.PageBase_Appium.enterText(PageBase_Appium.java:937)
	at com.mop.qa.pageobject.Canvasapp_instructer_native.enterUserName(Canvasapp_instructer_native.java:132)
	at com.mop.qa.test.bvt.Canvasintruct_native_file.testNBC(Canvasintruct_native_file.java:18)
	at sun.reflect.NativeMethodAccessorImpl.invoke0(Native Method)
	at sun.reflect.NativeMethodAccessorImpl.invoke(NativeMethodAccessorImpl.java:62)
	at sun.reflect.DelegatingMethodAccessorImpl.invoke(DelegatingMethodAccessorImpl.java:43)
	at java.lang.reflect.Method.invoke(Method.java:497)
	at org.testng.internal.MethodInvocationHelper.invokeMethod(MethodInvocationHelper.java:84)
	at org.testng.internal.Invoker.invokeMethod(Invoker.java:714)
	at org.testng.internal.Invoker.invokeTestMethod(Invoker.java:901)
	at org.testng.internal.Invoker.invokeTestMethods(Invoker.java:1231)
	at org.testng.internal.TestMethodWorker.invokeTestMethods(TestMethodWorker.java:127)
	at org.testng.internal.TestMethodWorker.run(TestMethodWorker.java:111)
	at org.testng.TestRunner.privateRun(TestRunner.java:767)
	at org.testng.TestRunner.run(TestRunner.java:617)
	at org.testng.SuiteRunner.runTest(SuiteRunner.java:334)
	at org.testng.SuiteRunner.runSequentially(SuiteRunner.java:329)
	at org.testng.SuiteRunner.privateRun(SuiteRunner.java:291)
	at org.testng.SuiteRunner.run(SuiteRunner.java:240)
	at org.testng.SuiteRunnerWorker.runSuite(SuiteRunnerWorker.java:52)
	at org.testng.SuiteRunnerWorker.run(SuiteRunnerWorker.java:86)
	at org.testng.TestNG.runSuitesSequentially(TestNG.java:1224)
	at org.testng.TestNG.runSuitesLocally(TestNG.java:1149)
	at org.testng.TestNG.run(TestNG.java:1057)
	at org.testng.remote.RemoteTestNG.run(RemoteTestNG.java:111)
	at org.testng.remote.RemoteTestNG.initAndRun(RemoteTestNG.java:204)
	at org.testng.remote.RemoteTestNG.main(RemoteTestNG.java:175)
</div></td></tr></table><p class="totop"><a href="#summary">back to summary</a></p><h3 id="m2">com.mop.qa.test.bvt.Test_Schedule_Assesment#testNBC</h3><table class="result"><tr><th>Exception</th></tr><tr><td><div class="stacktrace">junit.framework.AssertionFailedError: Exception on clicking webelementClick Loginorg.openqa.selenium.TimeoutException: Timed out after 60 seconds waiting for visibility of Proxy element for: org.openqa.selenium.support.pagefactory.DefaultElementLocator@b4beb4
Build info: version: &apos;2.47.0&apos;, revision: &apos;0e4837e94b1fad0db93e88cd972ed3e235a22892&apos;, time: &apos;2015-07-29 15:58:41&apos;
System info: host: &apos;PC143191&apos;, ip: &apos;10.242.193.102&apos;, os.name: &apos;Windows 7&apos;, os.arch: &apos;x86&apos;, os.version: &apos;6.1&apos;, java.version: &apos;1.8.0_51&apos;
Driver info: org.openqa.selenium.chrome.ChromeDriver
Capabilities [{applicationCacheEnabled=false, rotatable=false, mobileEmulationEnabled=false, chrome={userDataDir=C:\Users\489163.CTS\AppData\Local\Temp\scoped_dir6832_9876}, takesHeapSnapshot=true, databaseEnabled=false, handlesAlerts=true, version=46.0.2490.71, platform=XP, browserConnectionEnabled=false, nativeEvents=true, acceptSslCerts=true, locationContextEnabled=true, webStorageEnabled=true, browserName=chrome, takesScreenshot=true, javascriptEnabled=true, cssSelectorsEnabled=true}]
Session ID: fdfd58a8a2ac0345e6d5c6edc999814a
	at com.mop.qa.Utilities.ReportGenerator.logException(ReportGenerator.java:233)
	at com.mop.qa.testbase.PageBase_Appium.click(PageBase_Appium.java:321)
	at com.mop.qa.pageobject.Schedule_Assesment.clickLogin(Schedule_Assesment.java:131)
	at com.mop.qa.pageobject.Schedule_Assesment.login(Schedule_Assesment.java:147)
	at com.mop.qa.test.bvt.Test_Schedule_Assesment.testNBC(Test_Schedule_Assesment.java:19)
	at sun.reflect.NativeMethodAccessorImpl.invoke0(Native Method)
	at sun.reflect.NativeMethodAccessorImpl.invoke(NativeMethodAccessorImpl.java:62)
	at sun.reflect.DelegatingMethodAccessorImpl.invoke(DelegatingMethodAccessorImpl.java:43)
	at java.lang.reflect.Method.invoke(Method.java:497)
	at org.testng.internal.MethodInvocationHelper.invokeMethod(MethodInvocationHelper.java:84)
	at org.testng.internal.Invoker.invokeMethod(Invoker.java:714)
	at org.testng.internal.Invoker.invokeTestMethod(Invoker.java:901)
	at org.testng.internal.Invoker.invokeTestMethods(Invoker.java:1231)
	at org.testng.internal.TestMethodWorker.invokeTestMethods(TestMethodWorker.java:127)
	at org.testng.internal.TestMethodWorker.run(TestMethodWorker.java:111)
	at org.testng.TestRunner.privateRun(TestRunner.java:767)
	at org.testng.TestRunner.run(TestRunner.java:617)
	at org.testng.SuiteRunner.runTest(SuiteRunner.java:334)
	at org.testng.SuiteRunner.runSequentially(SuiteRunner.java:329)
	at org.testng.SuiteRunner.privateRun(SuiteRunner.java:291)
	at org.testng.SuiteRunner.run(SuiteRunner.java:240)
	at org.testng.SuiteRunnerWorker.runSuite(SuiteRunnerWorker.java:52)
	at org.testng.SuiteRunnerWorker.run(SuiteRunnerWorker.java:86)
	at org.testng.TestNG.runSuitesSequentially(TestNG.java:1224)
	at org.testng.TestNG.runSuitesLocally(TestNG.java:1149)
	at org.testng.TestNG.run(TestNG.java:1057)
	at org.testng.remote.RemoteTestNG.run(RemoteTestNG.java:111)
	at org.testng.remote.RemoteTestNG.initAndRun(RemoteTestNG.java:204)
	at org.testng.remote.RemoteTestNG.main(RemoteTestNG.java:175)
</div></td></tr></table><p class="totop"><a href="#summary">back to summary</a></p><h3 id="m3">com.mop.qa.test.bvt.TestCanvas_iOS#testNBC</h3><table class="result"></table><p class="totop"><a href="#summary">back to summary</a></p><h3 id="m4">com.mop.qa.test.bvt.TestToday_Android#testNBC</h3><table class="result"></table><p class="totop"><a href="#summary">back to summary</a></p><h3 id="m5">com.mop.qa.test.bvt.Test_TakeAssesment#testNBC</h3><table class="result"></table><p class="totop"><a href="#summary">back to summary</a></p></body></html>