<?xml version="1.0" encoding="UTF-8"?>
<testng-results skipped="0" failed="3" total="6" passed="3">
  <reporter-output>
  </reporter-output>
  <suite name="Default suite" duration-ms="344219" started-at="2015-12-23T12:06:49Z" finished-at="2015-12-23T12:12:33Z">
    <groups>
    </groups>
    <test name="Default test" duration-ms="344219" started-at="2015-12-23T12:06:49Z" finished-at="2015-12-23T12:12:33Z">
      <class name="com.mop.qa.test.bvt.Canvasinstr_perform_file">
        <test-method status="FAIL" signature="testNBC()[pri:0, instance:com.mop.qa.test.bvt.Canvasinstr_perform_file@1275dab]" name="testNBC" duration-ms="114973" started-at="2015-12-23T17:37:11Z" finished-at="2015-12-23T17:39:06Z">
          <exception class="junit.framework.AssertionFailedError">
            <message>
              <![CDATA[Exception on clicking webelementClick Coursetaborg.openqa.selenium.TimeoutException: Timed out after 60 seconds waiting for visibility of Proxy element for: org.openqa.selenium.support.pagefactory.DefaultElementLocator@f6d34c
Build info: version: '2.47.0', revision: '0e4837e94b1fad0db93e88cd972ed3e235a22892', time: '2015-07-29 15:58:41'
System info: host: 'PC143191', ip: '10.242.193.102', os.name: 'Windows 7', os.arch: 'x86', os.version: '6.1', java.version: '1.8.0_51'
Driver info: org.openqa.selenium.chrome.ChromeDriver
Capabilities [{applicationCacheEnabled=false, rotatable=false, mobileEmulationEnabled=false, chrome={userDataDir=C:\Users\489163.CTS\AppData\Local\Temp\scoped_dir6832_9876}, takesHeapSnapshot=true, databaseEnabled=false, handlesAlerts=true, version=46.0.2490.71, platform=XP, browserConnectionEnabled=false, nativeEvents=true, acceptSslCerts=true, locationContextEnabled=true, webStorageEnabled=true, browserName=chrome, takesScreenshot=true, javascriptEnabled=true, cssSelectorsEnabled=true}]
Session ID: fdfd58a8a2ac0345e6d5c6edc999814a]]>
            </message>
            <full-stacktrace>
              <![CDATA[junit.framework.AssertionFailedError: Exception on clicking webelementClick Coursetaborg.openqa.selenium.TimeoutException: Timed out after 60 seconds waiting for visibility of Proxy element for: org.openqa.selenium.support.pagefactory.DefaultElementLocator@f6d34c
Build info: version: '2.47.0', revision: '0e4837e94b1fad0db93e88cd972ed3e235a22892', time: '2015-07-29 15:58:41'
System info: host: 'PC143191', ip: '10.242.193.102', os.name: 'Windows 7', os.arch: 'x86', os.version: '6.1', java.version: '1.8.0_51'
Driver info: org.openqa.selenium.chrome.ChromeDriver
Capabilities [{applicationCacheEnabled=false, rotatable=false, mobileEmulationEnabled=false, chrome={userDataDir=C:\Users\489163.CTS\AppData\Local\Temp\scoped_dir6832_9876}, takesHeapSnapshot=true, databaseEnabled=false, handlesAlerts=true, version=46.0.2490.71, platform=XP, browserConnectionEnabled=false, nativeEvents=true, acceptSslCerts=true, locationContextEnabled=true, webStorageEnabled=true, browserName=chrome, takesScreenshot=true, javascriptEnabled=true, cssSelectorsEnabled=true}]
Session ID: fdfd58a8a2ac0345e6d5c6edc999814a
	at com.mop.qa.Utilities.ReportGenerator.logException(ReportGenerator.java:233)
	at com.mop.qa.testbase.PageBase_Appium.click(PageBase_Appium.java:321)
	at com.mop.qa.pageobject.Canvas_instructer_perform.clickCoursetab(Canvas_instructer_perform.java:76)
	at com.mop.qa.pageobject.Canvas_instructer_perform.navigateToSherPath(Canvas_instructer_perform.java:87)
	at com.mop.qa.test.bvt.Canvasinstr_perform_file.testNBC(Canvasinstr_perform_file.java:24)
	at sun.reflect.NativeMethodAccessorImpl.invoke0(Native Method)
	at sun.reflect.NativeMethodAccessorImpl.invoke(NativeMethodAccessorImpl.java:62)
	at sun.reflect.DelegatingMethodAccessorImpl.invoke(DelegatingMethodAccessorImpl.java:43)
	at java.lang.reflect.Method.invoke(Method.java:497)
	at org.testng.internal.MethodInvocationHelper.invokeMethod(MethodInvocationHelper.java:84)
	at org.testng.internal.Invoker.invokeMethod(Invoker.java:714)
	at org.testng.internal.Invoker.invokeTestMethod(Invoker.java:901)
	at org.testng.internal.Invoker.invokeTestMethods(Invoker.java:1231)
	at org.testng.internal.TestMethodWorker.invokeTestMethods(TestMethodWorker.java:127)
	at org.testng.internal.TestMethodWorker.run(TestMethodWorker.java:111)
	at org.testng.TestRunner.privateRun(TestRunner.java:767)
	at org.testng.TestRunner.run(TestRunner.java:617)
	at org.testng.SuiteRunner.runTest(SuiteRunner.java:334)
	at org.testng.SuiteRunner.runSequentially(SuiteRunner.java:329)
	at org.testng.SuiteRunner.privateRun(SuiteRunner.java:291)
	at org.testng.SuiteRunner.run(SuiteRunner.java:240)
	at org.testng.SuiteRunnerWorker.runSuite(SuiteRunnerWorker.java:52)
	at org.testng.SuiteRunnerWorker.run(SuiteRunnerWorker.java:86)
	at org.testng.TestNG.runSuitesSequentially(TestNG.java:1224)
	at org.testng.TestNG.runSuitesLocally(TestNG.java:1149)
	at org.testng.TestNG.run(TestNG.java:1057)
	at org.testng.remote.RemoteTestNG.run(RemoteTestNG.java:111)
	at org.testng.remote.RemoteTestNG.initAndRun(RemoteTestNG.java:204)
	at org.testng.remote.RemoteTestNG.main(RemoteTestNG.java:175)
]]>
            </full-stacktrace>
          </exception> <!-- junit.framework.AssertionFailedError -->
          <reporter-output>
          </reporter-output>
        </test-method> <!-- testNBC -->
        <test-method status="PASS" signature="setUp()[pri:0, instance:com.mop.qa.test.bvt.Canvasinstr_perform_file@1275dab]" name="setUp" is-config="true" duration-ms="0" started-at="2015-12-23T17:37:11Z" finished-at="2015-12-23T17:37:11Z">
          <reporter-output>
          </reporter-output>
        </test-method> <!-- setUp -->
        <test-method status="PASS" signature="teardown()[pri:0, instance:com.mop.qa.test.bvt.Canvasinstr_perform_file@1275dab]" name="teardown" is-config="true" duration-ms="1" started-at="2015-12-23T17:39:06Z" finished-at="2015-12-23T17:39:06Z">
          <reporter-output>
          </reporter-output>
        </test-method> <!-- teardown -->
      </class> <!-- com.mop.qa.test.bvt.Canvasinstr_perform_file -->
      <class name="com.mop.qa.test.bvt.Canvasintruct_native_file">
        <test-method status="PASS" signature="setUp()[pri:0, instance:com.mop.qa.test.bvt.Canvasintruct_native_file@101b7af]" name="setUp" is-config="true" duration-ms="0" started-at="2015-12-23T17:39:20Z" finished-at="2015-12-23T17:39:20Z">
          <reporter-output>
          </reporter-output>
        </test-method> <!-- setUp -->
        <test-method status="FAIL" signature="testNBC()[pri:0, instance:com.mop.qa.test.bvt.Canvasintruct_native_file@101b7af]" name="testNBC" duration-ms="92828" started-at="2015-12-23T17:39:20Z" finished-at="2015-12-23T17:40:53Z">
          <exception class="junit.framework.AssertionFailedError">
            <message>
              <![CDATA[Enter text failedorg.openqa.selenium.TimeoutException: Timed out after 60 seconds waiting for visibility of Proxy element for: org.openqa.selenium.support.pagefactory.DefaultElementLocator@1fb19a0
Build info: version: '2.47.0', revision: '0e4837e94b1fad0db93e88cd972ed3e235a22892', time: '2015-07-29 15:58:41'
System info: host: 'PC143191', ip: '10.242.193.102', os.name: 'Windows 7', os.arch: 'x86', os.version: '6.1', java.version: '1.8.0_51'
Driver info: org.openqa.selenium.chrome.ChromeDriver
Capabilities [{applicationCacheEnabled=false, rotatable=false, mobileEmulationEnabled=false, chrome={userDataDir=C:\Users\489163.CTS\AppData\Local\Temp\scoped_dir6832_9876}, takesHeapSnapshot=true, databaseEnabled=false, handlesAlerts=true, version=46.0.2490.71, platform=XP, browserConnectionEnabled=false, nativeEvents=true, acceptSslCerts=true, locationContextEnabled=true, webStorageEnabled=true, browserName=chrome, takesScreenshot=true, javascriptEnabled=true, cssSelectorsEnabled=true}]
Session ID: fdfd58a8a2ac0345e6d5c6edc999814a]]>
            </message>
            <full-stacktrace>
              <![CDATA[junit.framework.AssertionFailedError: Enter text failedorg.openqa.selenium.TimeoutException: Timed out after 60 seconds waiting for visibility of Proxy element for: org.openqa.selenium.support.pagefactory.DefaultElementLocator@1fb19a0
Build info: version: '2.47.0', revision: '0e4837e94b1fad0db93e88cd972ed3e235a22892', time: '2015-07-29 15:58:41'
System info: host: 'PC143191', ip: '10.242.193.102', os.name: 'Windows 7', os.arch: 'x86', os.version: '6.1', java.version: '1.8.0_51'
Driver info: org.openqa.selenium.chrome.ChromeDriver
Capabilities [{applicationCacheEnabled=false, rotatable=false, mobileEmulationEnabled=false, chrome={userDataDir=C:\Users\489163.CTS\AppData\Local\Temp\scoped_dir6832_9876}, takesHeapSnapshot=true, databaseEnabled=false, handlesAlerts=true, version=46.0.2490.71, platform=XP, browserConnectionEnabled=false, nativeEvents=true, acceptSslCerts=true, locationContextEnabled=true, webStorageEnabled=true, browserName=chrome, takesScreenshot=true, javascriptEnabled=true, cssSelectorsEnabled=true}]
Session ID: fdfd58a8a2ac0345e6d5c6edc999814a
	at com.mop.qa.Utilities.ReportGenerator.logException(ReportGenerator.java:233)
	at com.mop.qa.testbase.PageBase_Appium.enterText(PageBase_Appium.java:937)
	at com.mop.qa.pageobject.Canvasapp_instructer_native.enterUserName(Canvasapp_instructer_native.java:132)
	at com.mop.qa.test.bvt.Canvasintruct_native_file.testNBC(Canvasintruct_native_file.java:18)
	at sun.reflect.NativeMethodAccessorImpl.invoke0(Native Method)
	at sun.reflect.NativeMethodAccessorImpl.invoke(NativeMethodAccessorImpl.java:62)
	at sun.reflect.DelegatingMethodAccessorImpl.invoke(DelegatingMethodAccessorImpl.java:43)
	at java.lang.reflect.Method.invoke(Method.java:497)
	at org.testng.internal.MethodInvocationHelper.invokeMethod(MethodInvocationHelper.java:84)
	at org.testng.internal.Invoker.invokeMethod(Invoker.java:714)
	at org.testng.internal.Invoker.invokeTestMethod(Invoker.java:901)
	at org.testng.internal.Invoker.invokeTestMethods(Invoker.java:1231)
	at org.testng.internal.TestMethodWorker.invokeTestMethods(TestMethodWorker.java:127)
	at org.testng.internal.TestMethodWorker.run(TestMethodWorker.java:111)
	at org.testng.TestRunner.privateRun(TestRunner.java:767)
	at org.testng.TestRunner.run(TestRunner.java:617)
	at org.testng.SuiteRunner.runTest(SuiteRunner.java:334)
	at org.testng.SuiteRunner.runSequentially(SuiteRunner.java:329)
	at org.testng.SuiteRunner.privateRun(SuiteRunner.java:291)
	at org.testng.SuiteRunner.run(SuiteRunner.java:240)
	at org.testng.SuiteRunnerWorker.runSuite(SuiteRunnerWorker.java:52)
	at org.testng.SuiteRunnerWorker.run(SuiteRunnerWorker.java:86)
	at org.testng.TestNG.runSuitesSequentially(TestNG.java:1224)
	at org.testng.TestNG.runSuitesLocally(TestNG.java:1149)
	at org.testng.TestNG.run(TestNG.java:1057)
	at org.testng.remote.RemoteTestNG.run(RemoteTestNG.java:111)
	at org.testng.remote.RemoteTestNG.initAndRun(RemoteTestNG.java:204)
	at org.testng.remote.RemoteTestNG.main(RemoteTestNG.java:175)
]]>
            </full-stacktrace>
          </exception> <!-- junit.framework.AssertionFailedError -->
          <reporter-output>
          </reporter-output>
        </test-method> <!-- testNBC -->
        <test-method status="PASS" signature="teardown()[pri:0, instance:com.mop.qa.test.bvt.Canvasintruct_native_file@101b7af]" name="teardown" is-config="true" duration-ms="1" started-at="2015-12-23T17:40:53Z" finished-at="2015-12-23T17:40:53Z">
          <reporter-output>
          </reporter-output>
        </test-method> <!-- teardown -->
      </class> <!-- com.mop.qa.test.bvt.Canvasintruct_native_file -->
      <class name="com.mop.qa.test.bvt.Test_Schedule_Assesment">
        <test-method status="PASS" signature="setUp()[pri:0, instance:com.mop.qa.test.bvt.Test_Schedule_Assesment@18355a8]" name="setUp" is-config="true" duration-ms="0" started-at="2015-12-23T17:40:53Z" finished-at="2015-12-23T17:40:53Z">
          <reporter-output>
          </reporter-output>
        </test-method> <!-- setUp -->
        <test-method status="FAIL" signature="testNBC()[pri:0, instance:com.mop.qa.test.bvt.Test_Schedule_Assesment@18355a8]" name="testNBC" duration-ms="100678" started-at="2015-12-23T17:40:53Z" finished-at="2015-12-23T17:42:33Z">
          <exception class="junit.framework.AssertionFailedError">
            <message>
              <![CDATA[Exception on clicking webelementClick Loginorg.openqa.selenium.TimeoutException: Timed out after 60 seconds waiting for visibility of Proxy element for: org.openqa.selenium.support.pagefactory.DefaultElementLocator@b4beb4
Build info: version: '2.47.0', revision: '0e4837e94b1fad0db93e88cd972ed3e235a22892', time: '2015-07-29 15:58:41'
System info: host: 'PC143191', ip: '10.242.193.102', os.name: 'Windows 7', os.arch: 'x86', os.version: '6.1', java.version: '1.8.0_51'
Driver info: org.openqa.selenium.chrome.ChromeDriver
Capabilities [{applicationCacheEnabled=false, rotatable=false, mobileEmulationEnabled=false, chrome={userDataDir=C:\Users\489163.CTS\AppData\Local\Temp\scoped_dir6832_9876}, takesHeapSnapshot=true, databaseEnabled=false, handlesAlerts=true, version=46.0.2490.71, platform=XP, browserConnectionEnabled=false, nativeEvents=true, acceptSslCerts=true, locationContextEnabled=true, webStorageEnabled=true, browserName=chrome, takesScreenshot=true, javascriptEnabled=true, cssSelectorsEnabled=true}]
Session ID: fdfd58a8a2ac0345e6d5c6edc999814a]]>
            </message>
            <full-stacktrace>
              <![CDATA[junit.framework.AssertionFailedError: Exception on clicking webelementClick Loginorg.openqa.selenium.TimeoutException: Timed out after 60 seconds waiting for visibility of Proxy element for: org.openqa.selenium.support.pagefactory.DefaultElementLocator@b4beb4
Build info: version: '2.47.0', revision: '0e4837e94b1fad0db93e88cd972ed3e235a22892', time: '2015-07-29 15:58:41'
System info: host: 'PC143191', ip: '10.242.193.102', os.name: 'Windows 7', os.arch: 'x86', os.version: '6.1', java.version: '1.8.0_51'
Driver info: org.openqa.selenium.chrome.ChromeDriver
Capabilities [{applicationCacheEnabled=false, rotatable=false, mobileEmulationEnabled=false, chrome={userDataDir=C:\Users\489163.CTS\AppData\Local\Temp\scoped_dir6832_9876}, takesHeapSnapshot=true, databaseEnabled=false, handlesAlerts=true, version=46.0.2490.71, platform=XP, browserConnectionEnabled=false, nativeEvents=true, acceptSslCerts=true, locationContextEnabled=true, webStorageEnabled=true, browserName=chrome, takesScreenshot=true, javascriptEnabled=true, cssSelectorsEnabled=true}]
Session ID: fdfd58a8a2ac0345e6d5c6edc999814a
	at com.mop.qa.Utilities.ReportGenerator.logException(ReportGenerator.java:233)
	at com.mop.qa.testbase.PageBase_Appium.click(PageBase_Appium.java:321)
	at com.mop.qa.pageobject.Schedule_Assesment.clickLogin(Schedule_Assesment.java:131)
	at com.mop.qa.pageobject.Schedule_Assesment.login(Schedule_Assesment.java:147)
	at com.mop.qa.test.bvt.Test_Schedule_Assesment.testNBC(Test_Schedule_Assesment.java:19)
	at sun.reflect.NativeMethodAccessorImpl.invoke0(Native Method)
	at sun.reflect.NativeMethodAccessorImpl.invoke(NativeMethodAccessorImpl.java:62)
	at sun.reflect.DelegatingMethodAccessorImpl.invoke(DelegatingMethodAccessorImpl.java:43)
	at java.lang.reflect.Method.invoke(Method.java:497)
	at org.testng.internal.MethodInvocationHelper.invokeMethod(MethodInvocationHelper.java:84)
	at org.testng.internal.Invoker.invokeMethod(Invoker.java:714)
	at org.testng.internal.Invoker.invokeTestMethod(Invoker.java:901)
	at org.testng.internal.Invoker.invokeTestMethods(Invoker.java:1231)
	at org.testng.internal.TestMethodWorker.invokeTestMethods(TestMethodWorker.java:127)
	at org.testng.internal.TestMethodWorker.run(TestMethodWorker.java:111)
	at org.testng.TestRunner.privateRun(TestRunner.java:767)
	at org.testng.TestRunner.run(TestRunner.java:617)
	at org.testng.SuiteRunner.runTest(SuiteRunner.java:334)
	at org.testng.SuiteRunner.runSequentially(SuiteRunner.java:329)
	at org.testng.SuiteRunner.privateRun(SuiteRunner.java:291)
	at org.testng.SuiteRunner.run(SuiteRunner.java:240)
	at org.testng.SuiteRunnerWorker.runSuite(SuiteRunnerWorker.java:52)
	at org.testng.SuiteRunnerWorker.run(SuiteRunnerWorker.java:86)
	at org.testng.TestNG.runSuitesSequentially(TestNG.java:1224)
	at org.testng.TestNG.runSuitesLocally(TestNG.java:1149)
	at org.testng.TestNG.run(TestNG.java:1057)
	at org.testng.remote.RemoteTestNG.run(RemoteTestNG.java:111)
	at org.testng.remote.RemoteTestNG.initAndRun(RemoteTestNG.java:204)
	at org.testng.remote.RemoteTestNG.main(RemoteTestNG.java:175)
]]>
            </full-stacktrace>
          </exception> <!-- junit.framework.AssertionFailedError -->
          <reporter-output>
          </reporter-output>
        </test-method> <!-- testNBC -->
        <test-method status="PASS" signature="teardown()[pri:0, instance:com.mop.qa.test.bvt.Test_Schedule_Assesment@18355a8]" name="teardown" is-config="true" duration-ms="1" started-at="2015-12-23T17:42:33Z" finished-at="2015-12-23T17:42:33Z">
          <reporter-output>
          </reporter-output>
        </test-method> <!-- teardown -->
      </class> <!-- com.mop.qa.test.bvt.Test_Schedule_Assesment -->
      <class name="com.mop.qa.test.bvt.TestCanvas_iOS">
        <test-method status="PASS" signature="executeSuite(org.testng.ITestContext)[pri:0, instance:com.mop.qa.test.bvt.TestCanvas_iOS@167c1fc]" name="executeSuite" is-config="true" duration-ms="22771" started-at="2015-12-23T17:36:26Z" finished-at="2015-12-23T17:36:49Z">
          <params>
            <param index="0">
              <value>
                <![CDATA[org.testng.TestRunner@f31dec]]>
              </value>
            </param>
          </params>
          <reporter-output>
          </reporter-output>
        </test-method> <!-- executeSuite -->
        <test-method status="PASS" signature="startTestReport(org.testng.ITestContext)[pri:0, instance:com.mop.qa.test.bvt.TestCanvas_iOS@167c1fc]" name="startTestReport" is-config="true" duration-ms="0" started-at="2015-12-23T17:36:49Z" finished-at="2015-12-23T17:36:49Z">
          <params>
            <param index="0">
              <value>
                <![CDATA[org.testng.TestRunner@f31dec]]>
              </value>
            </param>
          </params>
          <reporter-output>
          </reporter-output>
        </test-method> <!-- startTestReport -->
        <test-method status="PASS" signature="setUp()[pri:0, instance:com.mop.qa.test.bvt.TestCanvas_iOS@167c1fc]" name="setUp" is-config="true" duration-ms="1" started-at="2015-12-23T17:42:33Z" finished-at="2015-12-23T17:42:33Z">
          <reporter-output>
          </reporter-output>
        </test-method> <!-- setUp -->
        <test-method status="PASS" signature="testNBC()[pri:0, instance:com.mop.qa.test.bvt.TestCanvas_iOS@167c1fc]" name="testNBC" duration-ms="1" started-at="2015-12-23T17:42:33Z" finished-at="2015-12-23T17:42:33Z">
          <reporter-output>
          </reporter-output>
        </test-method> <!-- testNBC -->
        <test-method status="PASS" signature="teardown()[pri:0, instance:com.mop.qa.test.bvt.TestCanvas_iOS@167c1fc]" name="teardown" is-config="true" duration-ms="1" started-at="2015-12-23T17:42:33Z" finished-at="2015-12-23T17:42:33Z">
          <reporter-output>
          </reporter-output>
        </test-method> <!-- teardown -->
        <test-method status="PASS" signature="finishExecution()[pri:0, instance:com.mop.qa.test.bvt.TestCanvas_iOS@167c1fc]" name="finishExecution" is-config="true" duration-ms="3636" started-at="2015-12-23T17:42:33Z" finished-at="2015-12-23T17:42:37Z">
          <reporter-output>
          </reporter-output>
        </test-method> <!-- finishExecution -->
      </class> <!-- com.mop.qa.test.bvt.TestCanvas_iOS -->
      <class name="com.mop.qa.test.bvt.Test_TakeAssesment">
        <test-method status="PASS" signature="setUp()[pri:0, instance:com.mop.qa.test.bvt.Test_TakeAssesment@1fa1d9b]" name="setUp" is-config="true" duration-ms="0" started-at="2015-12-23T17:39:06Z" finished-at="2015-12-23T17:39:06Z">
          <reporter-output>
          </reporter-output>
        </test-method> <!-- setUp -->
        <test-method status="PASS" signature="testNBC()[pri:0, instance:com.mop.qa.test.bvt.Test_TakeAssesment@1fa1d9b]" name="testNBC" duration-ms="13427" started-at="2015-12-23T17:39:06Z" finished-at="2015-12-23T17:39:20Z">
          <reporter-output>
          </reporter-output>
        </test-method> <!-- testNBC -->
        <test-method status="PASS" signature="teardown()[pri:0, instance:com.mop.qa.test.bvt.Test_TakeAssesment@1fa1d9b]" name="teardown" is-config="true" duration-ms="1" started-at="2015-12-23T17:39:20Z" finished-at="2015-12-23T17:39:20Z">
          <reporter-output>
          </reporter-output>
        </test-method> <!-- teardown -->
      </class> <!-- com.mop.qa.test.bvt.Test_TakeAssesment -->
      <class name="com.mop.qa.test.bvt.TestToday_Android">
        <test-method status="PASS" signature="setUp()[pri:0, instance:com.mop.qa.test.bvt.TestToday_Android@d25987]" name="setUp" is-config="true" duration-ms="0" started-at="2015-12-23T17:36:49Z" finished-at="2015-12-23T17:36:49Z">
          <reporter-output>
          </reporter-output>
        </test-method> <!-- setUp -->
        <test-method status="PASS" signature="testNBC()[pri:0, instance:com.mop.qa.test.bvt.TestToday_Android@d25987]" name="testNBC" duration-ms="22059" started-at="2015-12-23T17:36:49Z" finished-at="2015-12-23T17:37:11Z">
          <reporter-output>
          </reporter-output>
        </test-method> <!-- testNBC -->
        <test-method status="PASS" signature="teardown()[pri:0, instance:com.mop.qa.test.bvt.TestToday_Android@d25987]" name="teardown" is-config="true" duration-ms="1" started-at="2015-12-23T17:37:11Z" finished-at="2015-12-23T17:37:11Z">
          <reporter-output>
          </reporter-output>
        </test-method> <!-- teardown -->
      </class> <!-- com.mop.qa.test.bvt.TestToday_Android -->
    </test> <!-- Default test -->
  </suite> <!-- Default suite -->
</testng-results>
